%このファイルは日本語文字を含みます.
\BOOKMARK [0][]{chapter.0}{0 はじめに}{}% 1
\BOOKMARK [1][]{section.0.1}{0.1 本書の概要}{chapter.0}% 2
\BOOKMARK [1][]{section.0.2}{0.2 本書の注意事項}{chapter.0}% 3
\BOOKMARK [0][]{chapter.1}{1 第1問}{}% 4
\BOOKMARK [1][]{section.1.1}{1.1 概要：差がつく問題}{chapter.1}% 5
\BOOKMARK [1][]{section.1.2}{1.2 問題：積分の不等式評価と極限}{chapter.1}% 6
\BOOKMARK [1][]{section.1.3}{1.3 解説}{chapter.1}% 7
\BOOKMARK [1][]{section.1.4}{1.4 研究}{chapter.1}% 8
\BOOKMARK [2][]{subsection.1.4.1}{1.4.1 Akは何を表しているか？}{section.1.4}% 9
\BOOKMARK [2][]{subsection.1.4.2}{1.4.2 Akを図形的に評価する}{section.1.4}% 10
\BOOKMARK [2][]{subsection.1.4.3}{1.4.3 もう一度置換！}{section.1.4}% 11
\BOOKMARK [0][]{chapter.2}{2 第2問}{}% 12
\BOOKMARK [1][]{section.2.1}{2.1 概要}{chapter.2}% 13
\BOOKMARK [1][]{section.2.2}{2.2 問題}{chapter.2}% 14
\BOOKMARK [1][]{section.2.3}{2.3 解説}{chapter.2}% 15
\BOOKMARK [1][]{section.2.4}{2.4 研究}{chapter.2}% 16
\BOOKMARK [0][]{chapter.3}{3 第3問}{}% 17
\BOOKMARK [1][]{section.3.1}{3.1 概要}{chapter.3}% 18
\BOOKMARK [1][]{section.3.2}{3.2 問題}{chapter.3}% 19
\BOOKMARK [1][]{section.3.3}{3.3 解説}{chapter.3}% 20
\BOOKMARK [1][]{section.3.4}{3.4 研究}{chapter.3}% 21
\BOOKMARK [0][]{chapter.4}{4 第4問}{}% 22
\BOOKMARK [1][]{section.4.1}{4.1 概要}{chapter.4}% 23
\BOOKMARK [1][]{section.4.2}{4.2 問題}{chapter.4}% 24
\BOOKMARK [1][]{section.4.3}{4.3 解説}{chapter.4}% 25
\BOOKMARK [1][]{section.4.4}{4.4 研究}{chapter.4}% 26
\BOOKMARK [0][]{chapter.5}{5 第5問}{}% 27
\BOOKMARK [1][]{section.5.1}{5.1 概要}{chapter.5}% 28
\BOOKMARK [1][]{section.5.2}{5.2 問題}{chapter.5}% 29
\BOOKMARK [1][]{section.5.3}{5.3 解説}{chapter.5}% 30
\BOOKMARK [1][]{section.5.4}{5.4 研究}{chapter.5}% 31
\BOOKMARK [0][]{chapter.6}{6 第6問}{}% 32
\BOOKMARK [1][]{section.6.1}{6.1 概要}{chapter.6}% 33
\BOOKMARK [1][]{section.6.2}{6.2 問題}{chapter.6}% 34
\BOOKMARK [1][]{section.6.3}{6.3 解説}{chapter.6}% 35
\BOOKMARK [1][]{section.6.4}{6.4 研究}{chapter.6}% 36
