This is e-pTeX, Version 3.141592653-p4.0.0-220214-2.6 (utf8.euc) (TeX Live 2022) (preloaded format=platex 2022.9.16)  30 JUL 2023 13:31
entering extended mode
 restricted \write18 enabled.
 %&-line parsing enabled.
**main
(./main.tex
pLaTeX2e <2021-11-15> (based on LaTeX2e <2022-06-01> patch level 5)
L3 programming layer <2022-08-30>
(/usr/local/texlive/2022/texmf-dist/tex/latex/base/report.cls
Document Class: report 2021/10/04 v1.4n Standard LaTeX document class
(/usr/local/texlive/2022/texmf-dist/tex/latex/base/fleqn.clo
File: fleqn.clo 2016/12/29 v1.2b Standard LaTeX option (flush left equations)
\mathindent=\skip47
Applying: [2015/01/01] Make \[ robust on input line 50.
LaTeX Info: Redefining \[ on input line 51.
Already applied: [0000/00/00] Make \[ robust on input line 62.
Applying: [2015/01/01] Make \] robust on input line 74.
LaTeX Info: Redefining \] on input line 75.
Already applied: [0000/00/00] Make \] robust on input line 83.
)
(/usr/local/texlive/2022/texmf-dist/tex/latex/base/size10.clo
File: size10.clo 2021/10/04 v1.4n Standard LaTeX file (size option)
)
\c@part=\count184
\c@chapter=\count185
\c@section=\count186
\c@subsection=\count187
\c@subsubsection=\count188
\c@paragraph=\count189
\c@subparagraph=\count190
\c@figure=\count191
\c@table=\count192
\abovecaptionskip=\skip48
\belowcaptionskip=\skip49
\bibindent=\dimen154
)
(/usr/local/texlive/2022/texmf-dist/tex/latex/geometry/geometry.sty
Package: geometry 2020/01/02 v5.9 Page Geometry

(/usr/local/texlive/2022/texmf-dist/tex/latex/graphics/keyval.sty
Package: keyval 2022/05/29 v1.15 key=value parser (DPC)
\KV@toks@=\toks17
)
(/usr/local/texlive/2022/texmf-dist/tex/generic/iftex/ifvtex.sty
Package: ifvtex 2019/10/25 v1.7 ifvtex legacy package. Use iftex instead.

(/usr/local/texlive/2022/texmf-dist/tex/generic/iftex/iftex.sty
Package: iftex 2022/02/03 v1.0f TeX engine tests
))
\Gm@cnth=\count193
\Gm@cntv=\count194
\c@Gm@tempcnt=\count195
\Gm@bindingoffset=\dimen155
\Gm@wd@mp=\dimen156
\Gm@odd@mp=\dimen157
\Gm@even@mp=\dimen158
\Gm@layoutwidth=\dimen159
\Gm@layoutheight=\dimen160
\Gm@layouthoffset=\dimen161
\Gm@layoutvoffset=\dimen162
\Gm@dimlist=\toks18
)
(/usr/local/texlive/2022/texmf-dist/tex/latex/graphics/graphicx.sty
Package: graphicx 2021/09/16 v1.2d Enhanced LaTeX Graphics (DPC,SPQR)

(/usr/local/texlive/2022/texmf-dist/tex/latex/graphics/graphics.sty
Package: graphics 2022/03/10 v1.4e Standard LaTeX Graphics (DPC,SPQR)

(/usr/local/texlive/2022/texmf-dist/tex/latex/graphics/trig.sty
Package: trig 2021/08/11 v1.11 sin cos tan (DPC)
)
(/usr/local/texlive/2022/texmf-dist/tex/latex/graphics-cfg/graphics.cfg
File: graphics.cfg 2016/06/04 v1.11 sample graphics configuration
)
Package graphics Info: Driver file: dvipdfmx.def on input line 107.

(/usr/local/texlive/2022/texmf-dist/tex/latex/graphics-def/dvipdfmx.def
File: dvipdfmx.def 2022/04/16 v5.0l Graphics/color driver for dvipdfmx
))
\Gin@req@height=\dimen163
\Gin@req@width=\dimen164
)
(/usr/local/texlive/2022/texmf-dist/tex/latex/xcolor/xcolor.sty
Package: xcolor 2022/06/12 v2.14 LaTeX color extensions (UK)

(/usr/local/texlive/2022/texmf-dist/tex/latex/graphics-cfg/color.cfg
File: color.cfg 2016/01/02 v1.6 sample color configuration
)
Package xcolor Info: Driver file: dvipdfmx.def on input line 227.

(/usr/local/texlive/2022/texmf-dist/tex/latex/graphics/mathcolor.ltx)
Package xcolor Info: Model `cmy' substituted by `cmy0' on input line 1353.
Package xcolor Info: Model `RGB' extended on input line 1369.
Package xcolor Info: Model `HTML' substituted by `rgb' on input line 1371.
Package xcolor Info: Model `Hsb' substituted by `hsb' on input line 1372.
Package xcolor Info: Model `tHsb' substituted by `hsb' on input line 1373.
Package xcolor Info: Model `HSB' substituted by `hsb' on input line 1374.
Package xcolor Info: Model `Gray' substituted by `gray' on input line 1375.
Package xcolor Info: Model `wave' substituted by `hsb' on input line 1376.
)
(/usr/local/texlive/2022/texmf-dist/tex/latex/titlesec/titlesec.sty
Package: titlesec 2021/07/05 v2.14 Sectioning titles
\ttl@box=\box68
\beforetitleunit=\skip50
\aftertitleunit=\skip51
\ttl@plus=\dimen165
\ttl@minus=\dimen166
\ttl@toksa=\toks19
\titlewidth=\dimen167
\titlewidthlast=\dimen168
\titlewidthfirst=\dimen169
)
(/usr/local/texlive/2022/texmf-dist/tex/latex/lipsum/lipsum.sty
(/usr/local/texlive/2022/texmf-dist/tex/latex/l3packages/l3keys2e/l3keys2e.sty
(/usr/local/texlive/2022/texmf-dist/tex/latex/l3kernel/expl3.sty
Package: expl3 2022-08-30 L3 programming layer (loader) 

(/usr/local/texlive/2022/texmf-dist/tex/latex/l3backend/l3backend-dvipdfmx.def
File: l3backend-dvipdfmx.def 2022-08-30 L3 backend support: dvipdfmx
\g__graphics_track_int=\count196
\l__pdf_internal_box=\box69
\g__pdf_backend_object_int=\count197
\g__pdf_backend_annotation_int=\count198
\g__pdf_backend_link_int=\count199
))
Package: l3keys2e 2022-06-22 LaTeX2e option processing using LaTeX3 keys
)
Package: lipsum 2021-09-20 v2.7 150 paragraphs of Lorem Ipsum dummy text
\g__lipsum_par_int=\count266
\l__lipsum_a_int=\count267
\l__lipsum_b_int=\count268
 (/usr/local/texlive/2022/texmf-dist/tex/latex/lipsum/lipsum.ltd.tex))
(/usr/local/texlive/2022/texmf-dist/tex/latex/amsmath/amsmath.sty
Package: amsmath 2022/04/08 v2.17n AMS math features
\@mathmargin=\skip52

For additional information on amsmath, use the `?' option.
(/usr/local/texlive/2022/texmf-dist/tex/latex/amsmath/amstext.sty
Package: amstext 2021/08/26 v2.01 AMS text

(/usr/local/texlive/2022/texmf-dist/tex/latex/amsmath/amsgen.sty
File: amsgen.sty 1999/11/30 v2.0 generic functions
\@emptytoks=\toks20
\ex@=\dimen170
))
(/usr/local/texlive/2022/texmf-dist/tex/latex/amsmath/amsbsy.sty
Package: amsbsy 1999/11/29 v1.2d Bold Symbols
\pmbraise@=\dimen171
)
(/usr/local/texlive/2022/texmf-dist/tex/latex/amsmath/amsopn.sty
Package: amsopn 2022/04/08 v2.04 operator names
)
\inf@bad=\count269
LaTeX Info: Redefining \frac on input line 234.
\uproot@=\count270
\leftroot@=\count271
LaTeX Info: Redefining \overline on input line 399.
LaTeX Info: Redefining \colon on input line 410.
\classnum@=\count272
\DOTSCASE@=\count273
LaTeX Info: Redefining \ldots on input line 496.
LaTeX Info: Redefining \dots on input line 499.
LaTeX Info: Redefining \cdots on input line 620.
\Mathstrutbox@=\box70
\strutbox@=\box71
LaTeX Info: Redefining \big on input line 722.
LaTeX Info: Redefining \Big on input line 723.
LaTeX Info: Redefining \bigg on input line 724.
LaTeX Info: Redefining \Bigg on input line 725.
\big@size=\dimen172
LaTeX Font Info:    Redeclaring font encoding OML on input line 743.
LaTeX Font Info:    Redeclaring font encoding OMS on input line 744.
\macc@depth=\count274
LaTeX Info: Redefining \bmod on input line 905.
LaTeX Info: Redefining \pmod on input line 910.
LaTeX Info: Redefining \smash on input line 940.
LaTeX Info: Redefining \relbar on input line 970.
LaTeX Info: Redefining \Relbar on input line 971.
\c@MaxMatrixCols=\count275
\dotsspace@=\muskip16
\c@parentequation=\count276
\dspbrk@lvl=\count277
\tag@help=\toks21
\row@=\count278
\column@=\count279
\maxfields@=\count280
\andhelp@=\toks22
\eqnshift@=\dimen173
\alignsep@=\dimen174
\tagshift@=\dimen175
\tagwidth@=\dimen176
\totwidth@=\dimen177
\lineht@=\dimen178
\@envbody=\toks23
\multlinegap=\skip53
\multlinetaggap=\skip54
\mathdisplay@stack=\toks24
LaTeX Info: Redefining \[ on input line 2953.
LaTeX Info: Redefining \] on input line 2954.
)
(/usr/local/texlive/2022/texmf-dist/tex/latex/amscls/amsthm.sty
Package: amsthm 2020/05/29 v2.20.6
\thm@style=\toks25
\thm@bodyfont=\toks26
\thm@headfont=\toks27
\thm@notefont=\toks28
\thm@headpunct=\toks29
\thm@preskip=\skip55
\thm@postskip=\skip56
\thm@headsep=\skip57
\dth@everypar=\toks30
)
(/usr/local/texlive/2022/texmf-dist/tex/latex/amsfonts/amssymb.sty
Package: amssymb 2013/01/14 v3.01 AMS font symbols

(/usr/local/texlive/2022/texmf-dist/tex/latex/amsfonts/amsfonts.sty
Package: amsfonts 2013/01/14 v3.01 Basic AMSFonts support
\symAMSa=\mathgroup4
\symAMSb=\mathgroup5
LaTeX Font Info:    Redeclaring math symbol \hbar on input line 98.
LaTeX Font Info:    Overwriting math alphabet `\mathfrak' in version `bold'
(Font)                  U/euf/m/n --> U/euf/b/n on input line 106.
))
(/usr/local/texlive/2022/texmf-dist/tex/latex/esvect/esvect.sty
Package: esvect 
\symesvector=\mathgroup6
)
(/usr/local/texlive/2022/texmf-dist/tex/latex/fancybox/fancybox.sty
Package: fancybox 2010/05/15 1.4

Style option: `fancybox' v1.4 <2010/05/15> (tvz)
\@fancybox=\box72
\shadowsize=\dimen179
\@Sbox=\box73
\do@VerbBox=\toks31
\the@fancyput=\toks32
\this@fancyput=\toks33
\EndVerbatimTokens=\toks34
\Verbatim@Outfile=\write3
\Verbatim@Infile=\read2
) (/usr/local/texlive/2022/texmf-dist/tex/latex/pgf/frontendlayer/tikz.sty
(/usr/local/texlive/2022/texmf-dist/tex/latex/pgf/basiclayer/pgf.sty
(/usr/local/texlive/2022/texmf-dist/tex/latex/pgf/utilities/pgfrcs.sty
(/usr/local/texlive/2022/texmf-dist/tex/generic/pgf/utilities/pgfutil-common.te
x
\pgfutil@everybye=\toks35
\pgfutil@tempdima=\dimen180
\pgfutil@tempdimb=\dimen181

(/usr/local/texlive/2022/texmf-dist/tex/generic/pgf/utilities/pgfutil-common-li
sts.tex))
(/usr/local/texlive/2022/texmf-dist/tex/generic/pgf/utilities/pgfutil-latex.def
\pgfutil@abb=\box74
) (/usr/local/texlive/2022/texmf-dist/tex/generic/pgf/utilities/pgfrcs.code.tex
(/usr/local/texlive/2022/texmf-dist/tex/generic/pgf/pgf.revision.tex)
Package: pgfrcs 2021/05/15 v3.1.9a (3.1.9a)
))
Package: pgf 2021/05/15 v3.1.9a (3.1.9a)

(/usr/local/texlive/2022/texmf-dist/tex/latex/pgf/basiclayer/pgfcore.sty
(/usr/local/texlive/2022/texmf-dist/tex/latex/pgf/systemlayer/pgfsys.sty
(/usr/local/texlive/2022/texmf-dist/tex/generic/pgf/systemlayer/pgfsys.code.tex
Package: pgfsys 2021/05/15 v3.1.9a (3.1.9a)
(/usr/local/texlive/2022/texmf-dist/tex/generic/pgf/utilities/pgfkeys.code.tex
\pgfkeys@pathtoks=\toks36
\pgfkeys@temptoks=\toks37

(/usr/local/texlive/2022/texmf-dist/tex/generic/pgf/utilities/pgfkeysfiltered.c
ode.tex
\pgfkeys@tmptoks=\toks38
))
\pgf@x=\dimen182
\pgf@y=\dimen183
\pgf@xa=\dimen184
\pgf@ya=\dimen185
\pgf@xb=\dimen186
\pgf@yb=\dimen187
\pgf@xc=\dimen188
\pgf@yc=\dimen189
\pgf@xd=\dimen190
\pgf@yd=\dimen191
\w@pgf@writea=\write4
\r@pgf@reada=\read3
\c@pgf@counta=\count281
\c@pgf@countb=\count282
\c@pgf@countc=\count283
\c@pgf@countd=\count284
\t@pgf@toka=\toks39
\t@pgf@tokb=\toks40
\t@pgf@tokc=\toks41
\pgf@sys@id@count=\count285

(/usr/local/texlive/2022/texmf-dist/tex/generic/pgf/systemlayer/pgf.cfg
File: pgf.cfg 2021/05/15 v3.1.9a (3.1.9a)
)
Driver file for pgf: pgfsys-dvipdfmx.def

(/usr/local/texlive/2022/texmf-dist/tex/generic/pgf/systemlayer/pgfsys-dvipdfmx
.def
File: pgfsys-dvipdfmx.def 2021/05/15 v3.1.9a (3.1.9a)

(/usr/local/texlive/2022/texmf-dist/tex/generic/pgf/systemlayer/pgfsys-common-p
df.def
File: pgfsys-common-pdf.def 2021/05/15 v3.1.9a (3.1.9a)
)
\pgfsys@objnum=\count286
))
(/usr/local/texlive/2022/texmf-dist/tex/generic/pgf/systemlayer/pgfsyssoftpath.
code.tex
File: pgfsyssoftpath.code.tex 2021/05/15 v3.1.9a (3.1.9a)
\pgfsyssoftpath@smallbuffer@items=\count287
\pgfsyssoftpath@bigbuffer@items=\count288
)
(/usr/local/texlive/2022/texmf-dist/tex/generic/pgf/systemlayer/pgfsysprotocol.
code.tex
File: pgfsysprotocol.code.tex 2021/05/15 v3.1.9a (3.1.9a)
))
(/usr/local/texlive/2022/texmf-dist/tex/generic/pgf/basiclayer/pgfcore.code.tex
Package: pgfcore 2021/05/15 v3.1.9a (3.1.9a)
(/usr/local/texlive/2022/texmf-dist/tex/generic/pgf/math/pgfmath.code.tex
(/usr/local/texlive/2022/texmf-dist/tex/generic/pgf/math/pgfmathcalc.code.tex
(/usr/local/texlive/2022/texmf-dist/tex/generic/pgf/math/pgfmathutil.code.tex)
(/usr/local/texlive/2022/texmf-dist/tex/generic/pgf/math/pgfmathparser.code.tex
\pgfmath@dimen=\dimen192
\pgfmath@count=\count289
\pgfmath@box=\box75
\pgfmath@toks=\toks42
\pgfmath@stack@operand=\toks43
\pgfmath@stack@operation=\toks44
)
(/usr/local/texlive/2022/texmf-dist/tex/generic/pgf/math/pgfmathfunctions.code.
tex
(/usr/local/texlive/2022/texmf-dist/tex/generic/pgf/math/pgfmathfunctions.basic
.code.tex)
(/usr/local/texlive/2022/texmf-dist/tex/generic/pgf/math/pgfmathfunctions.trigo
nometric.code.tex)
(/usr/local/texlive/2022/texmf-dist/tex/generic/pgf/math/pgfmathfunctions.rando
m.code.tex)
(/usr/local/texlive/2022/texmf-dist/tex/generic/pgf/math/pgfmathfunctions.compa
rison.code.tex)
(/usr/local/texlive/2022/texmf-dist/tex/generic/pgf/math/pgfmathfunctions.base.
code.tex)
(/usr/local/texlive/2022/texmf-dist/tex/generic/pgf/math/pgfmathfunctions.round
.code.tex)
(/usr/local/texlive/2022/texmf-dist/tex/generic/pgf/math/pgfmathfunctions.misc.
code.tex)
(/usr/local/texlive/2022/texmf-dist/tex/generic/pgf/math/pgfmathfunctions.integ
erarithmetics.code.tex)))
(/usr/local/texlive/2022/texmf-dist/tex/generic/pgf/math/pgfmathfloat.code.tex
\c@pgfmathroundto@lastzeros=\count290
)) (/usr/local/texlive/2022/texmf-dist/tex/generic/pgf/math/pgfint.code.tex)
(/usr/local/texlive/2022/texmf-dist/tex/generic/pgf/basiclayer/pgfcorepoints.co
de.tex
File: pgfcorepoints.code.tex 2021/05/15 v3.1.9a (3.1.9a)
\pgf@picminx=\dimen193
\pgf@picmaxx=\dimen194
\pgf@picminy=\dimen195
\pgf@picmaxy=\dimen196
\pgf@pathminx=\dimen197
\pgf@pathmaxx=\dimen198
\pgf@pathminy=\dimen199
\pgf@pathmaxy=\dimen256
\pgf@xx=\dimen257
\pgf@xy=\dimen258
\pgf@yx=\dimen259
\pgf@yy=\dimen260
\pgf@zx=\dimen261
\pgf@zy=\dimen262
)
(/usr/local/texlive/2022/texmf-dist/tex/generic/pgf/basiclayer/pgfcorepathconst
ruct.code.tex
File: pgfcorepathconstruct.code.tex 2021/05/15 v3.1.9a (3.1.9a)
\pgf@path@lastx=\dimen263
\pgf@path@lasty=\dimen264
)
(/usr/local/texlive/2022/texmf-dist/tex/generic/pgf/basiclayer/pgfcorepathusage
.code.tex
File: pgfcorepathusage.code.tex 2021/05/15 v3.1.9a (3.1.9a)
\pgf@shorten@end@additional=\dimen265
\pgf@shorten@start@additional=\dimen266
)
(/usr/local/texlive/2022/texmf-dist/tex/generic/pgf/basiclayer/pgfcorescopes.co
de.tex
File: pgfcorescopes.code.tex 2021/05/15 v3.1.9a (3.1.9a)
\pgfpic=\box76
\pgf@hbox=\box77
\pgf@layerbox@main=\box78
\pgf@picture@serial@count=\count291
)
(/usr/local/texlive/2022/texmf-dist/tex/generic/pgf/basiclayer/pgfcoregraphicst
ate.code.tex
File: pgfcoregraphicstate.code.tex 2021/05/15 v3.1.9a (3.1.9a)
\pgflinewidth=\dimen267
)
(/usr/local/texlive/2022/texmf-dist/tex/generic/pgf/basiclayer/pgfcoretransform
ations.code.tex
File: pgfcoretransformations.code.tex 2021/05/15 v3.1.9a (3.1.9a)
\pgf@pt@x=\dimen268
\pgf@pt@y=\dimen269
\pgf@pt@temp=\dimen270
)
(/usr/local/texlive/2022/texmf-dist/tex/generic/pgf/basiclayer/pgfcorequick.cod
e.tex
File: pgfcorequick.code.tex 2021/05/15 v3.1.9a (3.1.9a)
)
(/usr/local/texlive/2022/texmf-dist/tex/generic/pgf/basiclayer/pgfcoreobjects.c
ode.tex
File: pgfcoreobjects.code.tex 2021/05/15 v3.1.9a (3.1.9a)
)
(/usr/local/texlive/2022/texmf-dist/tex/generic/pgf/basiclayer/pgfcorepathproce
ssing.code.tex
File: pgfcorepathprocessing.code.tex 2021/05/15 v3.1.9a (3.1.9a)
)
(/usr/local/texlive/2022/texmf-dist/tex/generic/pgf/basiclayer/pgfcorearrows.co
de.tex
File: pgfcorearrows.code.tex 2021/05/15 v3.1.9a (3.1.9a)
\pgfarrowsep=\dimen271
)
(/usr/local/texlive/2022/texmf-dist/tex/generic/pgf/basiclayer/pgfcoreshade.cod
e.tex
File: pgfcoreshade.code.tex 2021/05/15 v3.1.9a (3.1.9a)
\pgf@max=\dimen272
\pgf@sys@shading@range@num=\count292
\pgf@shadingcount=\count293
)
(/usr/local/texlive/2022/texmf-dist/tex/generic/pgf/basiclayer/pgfcoreimage.cod
e.tex
File: pgfcoreimage.code.tex 2021/05/15 v3.1.9a (3.1.9a)

(/usr/local/texlive/2022/texmf-dist/tex/generic/pgf/basiclayer/pgfcoreexternal.
code.tex
File: pgfcoreexternal.code.tex 2021/05/15 v3.1.9a (3.1.9a)
\pgfexternal@startupbox=\box79
))
(/usr/local/texlive/2022/texmf-dist/tex/generic/pgf/basiclayer/pgfcorelayers.co
de.tex
File: pgfcorelayers.code.tex 2021/05/15 v3.1.9a (3.1.9a)
)
(/usr/local/texlive/2022/texmf-dist/tex/generic/pgf/basiclayer/pgfcoretranspare
ncy.code.tex
File: pgfcoretransparency.code.tex 2021/05/15 v3.1.9a (3.1.9a)
)
(/usr/local/texlive/2022/texmf-dist/tex/generic/pgf/basiclayer/pgfcorepatterns.
code.tex
File: pgfcorepatterns.code.tex 2021/05/15 v3.1.9a (3.1.9a)
)
(/usr/local/texlive/2022/texmf-dist/tex/generic/pgf/basiclayer/pgfcorerdf.code.
tex
File: pgfcorerdf.code.tex 2021/05/15 v3.1.9a (3.1.9a)
)))
(/usr/local/texlive/2022/texmf-dist/tex/generic/pgf/modules/pgfmoduleshapes.cod
e.tex
File: pgfmoduleshapes.code.tex 2021/05/15 v3.1.9a (3.1.9a)
\pgfnodeparttextbox=\box80
)
(/usr/local/texlive/2022/texmf-dist/tex/generic/pgf/modules/pgfmoduleplot.code.
tex
File: pgfmoduleplot.code.tex 2021/05/15 v3.1.9a (3.1.9a)
)
(/usr/local/texlive/2022/texmf-dist/tex/latex/pgf/compatibility/pgfcomp-version
-0-65.sty
Package: pgfcomp-version-0-65 2021/05/15 v3.1.9a (3.1.9a)
\pgf@nodesepstart=\dimen273
\pgf@nodesepend=\dimen274
)
(/usr/local/texlive/2022/texmf-dist/tex/latex/pgf/compatibility/pgfcomp-version
-1-18.sty
Package: pgfcomp-version-1-18 2021/05/15 v3.1.9a (3.1.9a)
))
(/usr/local/texlive/2022/texmf-dist/tex/latex/pgf/utilities/pgffor.sty
(/usr/local/texlive/2022/texmf-dist/tex/latex/pgf/utilities/pgfkeys.sty
(/usr/local/texlive/2022/texmf-dist/tex/generic/pgf/utilities/pgfkeys.code.tex)
) (/usr/local/texlive/2022/texmf-dist/tex/latex/pgf/math/pgfmath.sty
(/usr/local/texlive/2022/texmf-dist/tex/generic/pgf/math/pgfmath.code.tex))
(/usr/local/texlive/2022/texmf-dist/tex/generic/pgf/utilities/pgffor.code.tex
Package: pgffor 2021/05/15 v3.1.9a (3.1.9a)

(/usr/local/texlive/2022/texmf-dist/tex/generic/pgf/math/pgfmath.code.tex)
\pgffor@iter=\dimen275
\pgffor@skip=\dimen276
\pgffor@stack=\toks45
\pgffor@toks=\toks46
))
(/usr/local/texlive/2022/texmf-dist/tex/generic/pgf/frontendlayer/tikz/tikz.cod
e.tex
Package: tikz 2021/05/15 v3.1.9a (3.1.9a)

(/usr/local/texlive/2022/texmf-dist/tex/generic/pgf/libraries/pgflibraryplothan
dlers.code.tex
File: pgflibraryplothandlers.code.tex 2021/05/15 v3.1.9a (3.1.9a)
\pgf@plot@mark@count=\count294
\pgfplotmarksize=\dimen277
)
\tikz@lastx=\dimen278
\tikz@lasty=\dimen279
\tikz@lastxsaved=\dimen280
\tikz@lastysaved=\dimen281
\tikz@lastmovetox=\dimen282
\tikz@lastmovetoy=\dimen283
\tikzleveldistance=\dimen284
\tikzsiblingdistance=\dimen285
\tikz@figbox=\box81
\tikz@figbox@bg=\box82
\tikz@tempbox=\box83
\tikz@tempbox@bg=\box84
\tikztreelevel=\count295
\tikznumberofchildren=\count296
\tikznumberofcurrentchild=\count297
\tikz@fig@count=\count298

(/usr/local/texlive/2022/texmf-dist/tex/generic/pgf/modules/pgfmodulematrix.cod
e.tex
File: pgfmodulematrix.code.tex 2021/05/15 v3.1.9a (3.1.9a)
\pgfmatrixcurrentrow=\count299
\pgfmatrixcurrentcolumn=\count300
\pgf@matrix@numberofcolumns=\count301
)
\tikz@expandcount=\count302

(/usr/local/texlive/2022/texmf-dist/tex/generic/pgf/frontendlayer/tikz/librarie
s/tikzlibrarytopaths.code.tex
File: tikzlibrarytopaths.code.tex 2021/05/15 v3.1.9a (3.1.9a)
)))
(/usr/local/texlive/2022/texmf-dist/tex/latex/tikz-3dplot/tikz-3dplot.sty
(/usr/local/texlive/2022/texmf-dist/tex/latex/base/ifthen.sty
Package: ifthen 2022/04/13 v1.1d Standard LaTeX ifthen package (DPC)
)
(/usr/local/texlive/2022/texmf-dist/tex/generic/pgf/frontendlayer/tikz/librarie
s/tikzlibrarycalc.code.tex
File: tikzlibrarycalc.code.tex 2021/05/15 v3.1.9a (3.1.9a)
)
(/usr/local/texlive/2022/texmf-dist/tex/generic/pgf/frontendlayer/tikz/librarie
s/tikzlibrary3d.code.tex
File: tikzlibrary3d.code.tex 2021/05/15 v3.1.9a (3.1.9a)
)
(/usr/local/texlive/2022/texmf-dist/tex/generic/pgf/frontendlayer/tikz/librarie
s/tikzlibraryarrows.code.tex
File: tikzlibraryarrows.code.tex 2021/05/15 v3.1.9a (3.1.9a)

(/usr/local/texlive/2022/texmf-dist/tex/generic/pgf/libraries/pgflibraryarrows.
code.tex
File: pgflibraryarrows.code.tex 2021/05/15 v3.1.9a (3.1.9a)
\arrowsize=\dimen286
))) (/usr/local/texlive/2022/texmf-dist/tex/generic/ulem/ulem.sty
\UL@box=\box85
\UL@hyphenbox=\box86
\UL@skip=\skip58
\UL@hook=\toks47
\UL@height=\dimen287
\UL@pe=\count303
\UL@pixel=\dimen288
\ULC@box=\box87
Package: ulem 2019/11/18
\ULdepth=\dimen289
)
(/usr/local/texlive/2022/texmf-dist/tex/latex/fancyhdr/fancyhdr.sty
Package: fancyhdr 2022/05/18 v4.0.3 Extensive control of page headers and foote
rs
\f@nch@headwidth=\skip59
\f@nch@O@elh=\skip60
\f@nch@O@erh=\skip61
\f@nch@O@olh=\skip62
\f@nch@O@orh=\skip63
\f@nch@O@elf=\skip64
\f@nch@O@erf=\skip65
\f@nch@O@olf=\skip66
\f@nch@O@orf=\skip67
)
(/usr/local/texlive/2022/texmf-dist/tex/latex/lkproof/proof.sty
\inferLineSkip=\dimen290
\inferLabelSkip=\dimen291
\@LeftOffset=\dimen292
\@RightOffset=\dimen293
\@SavedLeftOffset=\dimen294
\UpperWidth=\dimen295
\LowerWidth=\dimen296
\LowerHeight=\dimen297
\UpperLeftOffset=\dimen298
\UpperRightOffset=\dimen299
\UpperCenter=\dimen300
\LowerCenter=\dimen301
\UpperAdjust=\dimen302
\RuleAdjust=\dimen303
\LowerAdjust=\dimen304
\RuleWidth=\dimen305
\HLabelAdjust=\dimen306
\VLabelAdjust=\dimen307
\WidthAdjust=\dimen308
\@UpperPart=\box88
\@LowerPart=\box89
\@LabelPart=\box90
\ResultBox=\box91
)
(../sty/eclbkbox.sty
\bk@bxb=\box92
\bk@bxa=\box93
\bk@lcnt=\count304
)
(/usr/local/texlive/2022/texmf-dist/tex/platex/jsclasses/okumacro.sty
Package: okumacro 2021/07/01 okumura, texjporg
LaTeX Info: Redefining \yen on input line 120.
\@scw=\dimen309
\scb@x=\box94
\EXAMPLEWIDTH=\dimen310
\shaderule=\dimen311
)
(../sty/ascolorbox.sty

LaTeX Warning: You have requested package `../sty/ascolorbox',
               but the package provides `ascolorbox'.

Package: ascolorbox 2019/4/30, Version 1.0.3
(/usr/local/texlive/2022/texmf-dist/tex/latex/tcolorbox/tcolorbox.sty
Package: tcolorbox 2022/06/24 version 5.1.1 text color boxes

(/usr/local/texlive/2022/texmf-dist/tex/latex/tools/verbatim.sty
Package: verbatim 2020-07-07 v1.5u LaTeX2e package for verbatim enhancements
\every@verbatim=\toks48
\verbatim@line=\toks49
\verbatim@in@stream=\read4
)
(/usr/local/texlive/2022/texmf-dist/tex/latex/environ/environ.sty
Package: environ 2014/05/04 v0.3 A new way to define environments

(/usr/local/texlive/2022/texmf-dist/tex/latex/trimspaces/trimspaces.sty
Package: trimspaces 2009/09/17 v1.1 Trim spaces around a token list
))
(/usr/local/texlive/2022/texmf-dist/tex/latex/etoolbox/etoolbox.sty
Package: etoolbox 2020/10/05 v2.5k e-TeX tools for LaTeX (JAW)
\etb@tempcnta=\count305
)
\tcb@titlebox=\box95
\tcb@upperbox=\box96
\tcb@lowerbox=\box97
\tcb@phantombox=\box98
\c@tcbbreakpart=\count306
\c@tcblayer=\count307
\c@tcolorbox@number=\count308
\tcb@temp=\box99
\tcb@temp=\box100
\tcb@temp=\box101
\tcb@temp=\box102
)
(/usr/local/texlive/2022/texmf-dist/tex/latex/varwidth/varwidth.sty
Package: varwidth 2009/03/30 ver 0.92;  Variable-width minipages
\@vwid@box=\box103
\sift@deathcycles=\count309
\@vwid@loff=\dimen312
\@vwid@roff=\dimen313
)
(/usr/local/texlive/2022/texmf-dist/tex/latex/tools/multicol.sty
Package: multicol 2021/11/30 v1.9d multicolumn formatting (FMi)
\c@tracingmulticols=\count310
\mult@box=\box104
\multicol@leftmargin=\dimen314
\c@unbalance=\count311
\c@collectmore=\count312
\doublecol@number=\count313
\multicoltolerance=\count314
\multicolpretolerance=\count315
\full@width=\dimen315
\page@free=\dimen316
\premulticols=\dimen317
\postmulticols=\dimen318
\multicolsep=\skip68
\multicolbaselineskip=\skip69
\partial@page=\box105
\last@line=\box106
\maxbalancingoverflow=\dimen319
\mult@rightbox=\box107
\mult@grightbox=\box108
\mult@firstbox=\box109
\mult@gfirstbox=\box110
\@tempa=\box111
\@tempa=\box112
\@tempa=\box113
\@tempa=\box114
\@tempa=\box115
\@tempa=\box116
\@tempa=\box117
\@tempa=\box118
\@tempa=\box119
\@tempa=\box120
\@tempa=\box121
\@tempa=\box122
\@tempa=\box123
\@tempa=\box124
\@tempa=\box125
\@tempa=\box126
\@tempa=\box127
\@tempa=\box128
\@tempa=\box129
\@tempa=\box130
\@tempa=\box131
\@tempa=\box132
\@tempa=\box133
\@tempa=\box134
\@tempa=\box135
\@tempa=\box136
\@tempa=\box137
\@tempa=\box138
\@tempa=\box139
\@tempa=\box140
\@tempa=\box141
\@tempa=\box142
\@tempa=\box143
\@tempa=\box144
\@tempa=\box145
\@tempa=\box146
\c@minrows=\count316
\c@columnbadness=\count317
\c@finalcolumnbadness=\count318
\last@try=\dimen320
\multicolovershoot=\dimen321
\multicolundershoot=\dimen322
\mult@nat@firstbox=\box147
\colbreak@box=\box148
\mc@col@check@num=\count319
)
(/usr/local/texlive/2022/texmf-dist/tex/latex/tcolorbox/tcbxparse.code.tex
Library (tcolorbox): 'tcbxparse.code.tex' version '5.1.1'
(/usr/local/texlive/2022/texmf-dist/tex/latex/l3packages/xparse/xparse.sty
Package: xparse 2022-06-22 L3 Experimental document command parser
))
(/usr/local/texlive/2022/texmf-dist/tex/latex/tcolorbox/tcbhooks.code.tex
Library (tcolorbox): 'tcbhooks.code.tex' version '5.1.1'
) (/usr/local/texlive/2022/texmf-dist/tex/latex/tcolorbox/tcbskins.code.tex
Library (tcolorbox): 'tcbskins.code.tex' version '5.1.1'
\tcb@waterbox=\box149

(/usr/local/texlive/2022/texmf-dist/tex/latex/tcolorbox/tcbskinsjigsaw.code.tex
Library (tcolorbox): 'tcbskinsjigsaw.code.tex' version '5.1.1'
))
(/usr/local/texlive/2022/texmf-dist/tex/latex/tcolorbox/tcbbreakable.code.tex
Library (tcolorbox): 'tcbbreakable.code.tex' version '5.1.1'
(/usr/local/texlive/2022/texmf-dist/tex/generic/oberdiek/pdfcol.sty
Package: pdfcol 2019/12/29 v1.6 Handle new color stacks for pdfTeX (HO)

(/usr/local/texlive/2022/texmf-dist/tex/generic/ltxcmds/ltxcmds.sty
Package: ltxcmds 2020-05-10 v1.25 LaTeX kernel commands for general use (HO)
)
(/usr/local/texlive/2022/texmf-dist/tex/generic/infwarerr/infwarerr.sty
Package: infwarerr 2019/12/03 v1.5 Providing info/warning/error messages (HO)
)
Package pdfcol Info: Interface disabled because of missing PDF mode of pdfTeX.
)
Package pdfcol Info: pdfTeX's color stacks are not available.
\tcb@testbox=\box150
\tcb@totalupperbox=\box151
\tcb@totallowerbox=\box152
))
(/usr/local/texlive/2022/texmf-dist/tex/latex/pgfplots/pgfplots.sty
(/usr/local/texlive/2022/texmf-dist/tex/generic/pgfplots/pgfplots.revision.tex)
Package: pgfplots 2021/05/15 v1.18.1 Data Visualization (1.18.1)
(/usr/local/texlive/2022/texmf-dist/tex/generic/pgfplots/pgfplots.code.tex
(/usr/local/texlive/2022/texmf-dist/tex/generic/pgfplots/pgfplotscore.code.tex
\t@pgfplots@toka=\toks50
\t@pgfplots@tokb=\toks51
\t@pgfplots@tokc=\toks52
\pgfplots@tmpa=\dimen323
\c@pgfplots@coordindex=\count320
\c@pgfplots@scanlineindex=\count321

(/usr/local/texlive/2022/texmf-dist/tex/generic/pgfplots/sys/pgfplotssysgeneric
.code.tex))
(/usr/local/texlive/2022/texmf-dist/tex/generic/pgfplots/libs/pgfplotslibrary.c
ode.tex)
(/usr/local/texlive/2022/texmf-dist/tex/generic/pgfplots/oldpgfcompatib/pgfplot
soldpgfsupp_loader.code.tex
(/usr/local/texlive/2022/texmf-dist/tex/generic/pgf/libraries/pgflibraryfpu.cod
e.tex))
(/usr/local/texlive/2022/texmf-dist/tex/generic/pgfplots/util/pgfplotsutil.code
.tex
(/usr/local/texlive/2022/texmf-dist/tex/generic/pgfplots/liststructure/pgfplots
liststructure.code.tex)
(/usr/local/texlive/2022/texmf-dist/tex/generic/pgfplots/liststructure/pgfplots
liststructureext.code.tex)
(/usr/local/texlive/2022/texmf-dist/tex/generic/pgfplots/liststructure/pgfplots
array.code.tex
\c@pgfplotsarray@tmp=\count322
)
(/usr/local/texlive/2022/texmf-dist/tex/generic/pgfplots/liststructure/pgfplots
matrix.code.tex)
(/usr/local/texlive/2022/texmf-dist/tex/generic/pgfplots/numtable/pgfplotstable
shared.code.tex
\c@pgfplotstable@counta=\count323
\t@pgfplotstable@a=\toks53
)
(/usr/local/texlive/2022/texmf-dist/tex/generic/pgfplots/liststructure/pgfplots
deque.code.tex)
(/usr/local/texlive/2022/texmf-dist/tex/generic/pgfplots/util/pgfplotsbinary.co
de.tex
(/usr/local/texlive/2022/texmf-dist/tex/generic/pgfplots/util/pgfplotsbinary.da
ta.code.tex))
(/usr/local/texlive/2022/texmf-dist/tex/generic/pgfplots/util/pgfplotsutil.verb
.code.tex)
(/usr/local/texlive/2022/texmf-dist/tex/generic/pgfplots/libs/pgflibrarypgfplot
s.surfshading.code.tex
\c@pgfplotslibrarysurf@no=\count324

(/usr/local/texlive/2022/texmf-dist/tex/generic/pgfplots/sys/pgflibrarypgfplots
.surfshading.pgfsys-dvipdfmx.def
\c@pgfplotslibrarysurf@streamlen=\count325
)))
(/usr/local/texlive/2022/texmf-dist/tex/generic/pgfplots/util/pgfplotscolormap.
code.tex
(/usr/local/texlive/2022/texmf-dist/tex/generic/pgfplots/util/pgfplotscolor.cod
e.tex))
(/usr/local/texlive/2022/texmf-dist/tex/generic/pgfplots/pgfplotsstackedplots.c
ode.tex)
(/usr/local/texlive/2022/texmf-dist/tex/generic/pgfplots/pgfplotsplothandlers.c
ode.tex
(/usr/local/texlive/2022/texmf-dist/tex/generic/pgfplots/pgfplotsmeshplothandle
r.code.tex
(/usr/local/texlive/2022/texmf-dist/tex/generic/pgfplots/pgfplotsmeshplotimage.
code.tex)))
(/usr/local/texlive/2022/texmf-dist/tex/generic/pgfplots/pgfplots.scaling.code.
tex)
(/usr/local/texlive/2022/texmf-dist/tex/generic/pgfplots/pgfplotscoordprocessin
g.code.tex)
(/usr/local/texlive/2022/texmf-dist/tex/generic/pgfplots/pgfplots.errorbars.cod
e.tex)
(/usr/local/texlive/2022/texmf-dist/tex/generic/pgfplots/pgfplots.markers.code.
tex)
(/usr/local/texlive/2022/texmf-dist/tex/generic/pgfplots/pgfplotsticks.code.tex
)
(/usr/local/texlive/2022/texmf-dist/tex/generic/pgfplots/pgfplots.paths.code.te
x)
(/usr/local/texlive/2022/texmf-dist/tex/generic/pgf/frontendlayer/tikz/librarie
s/tikzlibrarydecorations.code.tex
(/usr/local/texlive/2022/texmf-dist/tex/generic/pgf/modules/pgfmoduledecoration
s.code.tex
\pgfdecoratedcompleteddistance=\dimen324
\pgfdecoratedremainingdistance=\dimen325
\pgfdecoratedinputsegmentcompleteddistance=\dimen326
\pgfdecoratedinputsegmentremainingdistance=\dimen327
\pgf@decorate@distancetomove=\dimen328
\pgf@decorate@repeatstate=\count326
\pgfdecorationsegmentamplitude=\dimen329
\pgfdecorationsegmentlength=\dimen330
)
\tikz@lib@dec@box=\box153
)
(/usr/local/texlive/2022/texmf-dist/tex/generic/pgf/frontendlayer/tikz/librarie
s/tikzlibrarydecorations.pathmorphing.code.tex
(/usr/local/texlive/2022/texmf-dist/tex/generic/pgf/libraries/decorations/pgfli
brarydecorations.pathmorphing.code.tex))
(/usr/local/texlive/2022/texmf-dist/tex/generic/pgf/frontendlayer/tikz/librarie
s/tikzlibrarydecorations.pathreplacing.code.tex
(/usr/local/texlive/2022/texmf-dist/tex/generic/pgf/libraries/decorations/pgfli
brarydecorations.pathreplacing.code.tex))
(/usr/local/texlive/2022/texmf-dist/tex/generic/pgfplots/libs/tikzlibrarypgfplo
ts.contourlua.code.tex)
\pgfplots@numplots=\count327
\pgfplots@xmin@reg=\dimen331
\pgfplots@xmax@reg=\dimen332
\pgfplots@ymin@reg=\dimen333
\pgfplots@ymax@reg=\dimen334
\pgfplots@zmin@reg=\dimen335
\pgfplots@zmax@reg=\dimen336
)
(/usr/local/texlive/2022/texmf-dist/tex/generic/pgf/frontendlayer/tikz/librarie
s/tikzlibraryplotmarks.code.tex
File: tikzlibraryplotmarks.code.tex 2021/05/15 v3.1.9a (3.1.9a)

(/usr/local/texlive/2022/texmf-dist/tex/generic/pgf/libraries/pgflibraryplotmar
ks.code.tex
File: pgflibraryplotmarks.code.tex 2021/05/15 v3.1.9a (3.1.9a)
)))
(/usr/local/texlive/2022/texmf-dist/tex/latex/subfiles/subfiles.sty
Package: subfiles 2020/11/14 v2.2 Multi-file projects (package)

(/usr/local/texlive/2022/texmf-dist/tex/latex/import/import.sty
Package: import 2020/04/01  v 6.2
))
(/usr/local/texlive/2022/texmf-dist/tex/generic/pgf/frontendlayer/tikz/librarie
s/tikzlibrarypatterns.code.tex
File: tikzlibrarypatterns.code.tex 2021/05/15 v3.1.9a (3.1.9a)

(/usr/local/texlive/2022/texmf-dist/tex/generic/pgf/libraries/pgflibrarypattern
s.code.tex
File: pgflibrarypatterns.code.tex 2021/05/15 v3.1.9a (3.1.9a)
))
(/usr/local/texlive/2022/texmf-dist/tex/generic/pgf/frontendlayer/tikz/librarie
s/tikzlibraryintersections.code.tex
(/usr/local/texlive/2022/texmf-dist/tex/generic/pgf/libraries/pgflibraryinterse
ctions.code.tex
\pgf@intersect@solutions=\count328
))
(/usr/local/texlive/2022/texmf-dist/tex/generic/pgf/frontendlayer/tikz/librarie
s/tikzlibraryquotes.code.tex
File: tikzlibraryquotes.code.tex 2021/05/15 v3.1.9a (3.1.9a)
)
(/usr/local/texlive/2022/texmf-dist/tex/generic/pgf/frontendlayer/tikz/librarie
s/tikzlibraryangles.code.tex
File: tikzlibraryangles.code.tex 2021/05/15 v3.1.9a (3.1.9a)
)
(/usr/local/texlive/2022/texmf-dist/tex/generic/pgf/libraries/pgflibraryarrows.
meta.code.tex
File: pgflibraryarrows.meta.code.tex 2021/05/15 v3.1.9a (3.1.9a)
\pgfarrowinset=\dimen337
\pgfarrowlength=\dimen338
\pgfarrowwidth=\dimen339
\pgfarrowlinewidth=\dimen340
)
(/usr/local/texlive/2022/texmf-dist/tex/generic/pgf/frontendlayer/tikz/librarie
s/tikzlibrarypositioning.code.tex
File: tikzlibrarypositioning.code.tex 2021/05/15 v3.1.9a (3.1.9a)
)
(/usr/local/texlive/2022/texmf-dist/tex/generic/pgf/frontendlayer/tikz/librarie
s/graphs/tikzlibrarygraphs.code.tex
File: tikzlibrarygraphs.code.tex 2021/05/15 v3.1.9a (3.1.9a)
\tikz@lib@auto@number=\count329
\tikz@qnode@count=\count330
)
(/usr/local/texlive/2022/texmf-dist/tex/generic/pgf/frontendlayer/tikz/librarie
s/tikzlibrarythrough.code.tex
File: tikzlibrarythrough.code.tex 2021/05/15 v3.1.9a (3.1.9a)
)
(/usr/local/texlive/2022/texmf-dist/tex/generic/pgf/frontendlayer/tikz/librarie
s/tikzlibraryshapes.geometric.code.tex
File: tikzlibraryshapes.geometric.code.tex 2021/05/15 v3.1.9a (3.1.9a)

(/usr/local/texlive/2022/texmf-dist/tex/generic/pgf/libraries/shapes/pgflibrary
shapes.geometric.code.tex
File: pgflibraryshapes.geometric.code.tex 2021/05/15 v3.1.9a (3.1.9a)
))
(/usr/local/texlive/2022/texmf-dist/tex/latex/tcolorbox/tcbraster.code.tex
Library (tcolorbox): 'tcbraster.code.tex' version '5.1.1'
\c@tcbrastercolumn=\count331
\c@tcbrasterrow=\count332
\c@tcbrasternum=\count333
\c@tcbraster=\count334
) (/usr/local/texlive/2022/texmf-dist/tex/latex/tcolorbox/tcbtheorems.code.tex
Library (tcolorbox): 'tcbtheorems.code.tex' version '5.1.1'
) (/usr/local/texlive/2022/texmf-dist/tex/latex/hyperref/hyperref.sty
Package: hyperref 2022-06-20 v7.00s Hypertext links for LaTeX

(/usr/local/texlive/2022/texmf-dist/tex/generic/pdftexcmds/pdftexcmds.sty
Package: pdftexcmds 2020-06-27 v0.33 Utility functions of pdfTeX for LuaTeX (HO
)
Package pdftexcmds Info: \pdf@primitive is available.
Package pdftexcmds Info: \pdf@ifprimitive is available.
Package pdftexcmds Info: \pdfdraftmode not found.
)
(/usr/local/texlive/2022/texmf-dist/tex/generic/kvsetkeys/kvsetkeys.sty
Package: kvsetkeys 2019/12/15 v1.18 Key value parser (HO)
)
(/usr/local/texlive/2022/texmf-dist/tex/generic/kvdefinekeys/kvdefinekeys.sty
Package: kvdefinekeys 2019-12-19 v1.6 Define keys (HO)
)
(/usr/local/texlive/2022/texmf-dist/tex/generic/pdfescape/pdfescape.sty
Package: pdfescape 2019/12/09 v1.15 Implements pdfTeX's escape features (HO)
)
(/usr/local/texlive/2022/texmf-dist/tex/latex/hycolor/hycolor.sty
Package: hycolor 2020-01-27 v1.10 Color options for hyperref/bookmark (HO)
)
(/usr/local/texlive/2022/texmf-dist/tex/latex/letltxmacro/letltxmacro.sty
Package: letltxmacro 2019/12/03 v1.6 Let assignment for LaTeX macros (HO)
)
(/usr/local/texlive/2022/texmf-dist/tex/latex/auxhook/auxhook.sty
Package: auxhook 2019-12-17 v1.6 Hooks for auxiliary files (HO)
)
(/usr/local/texlive/2022/texmf-dist/tex/latex/hyperref/nameref.sty
Package: nameref 2022-05-17 v2.50 Cross-referencing by name of section

(/usr/local/texlive/2022/texmf-dist/tex/latex/refcount/refcount.sty
Package: refcount 2019/12/15 v3.6 Data extraction from label references (HO)
)
(/usr/local/texlive/2022/texmf-dist/tex/generic/gettitlestring/gettitlestring.s
ty
Package: gettitlestring 2019/12/15 v1.6 Cleanup title references (HO)
 (/usr/local/texlive/2022/texmf-dist/tex/latex/kvoptions/kvoptions.sty
Package: kvoptions 2022-06-15 v3.15 Key value format for package options (HO)
))
\c@section@level=\count335
)
\@linkdim=\dimen341
\Hy@linkcounter=\count336
\Hy@pagecounter=\count337

(/usr/local/texlive/2022/texmf-dist/tex/latex/hyperref/pd1enc.def
File: pd1enc.def 2022-06-20 v7.00s Hyperref: PDFDocEncoding definition (HO)
Now handling font encoding PD1 ...
... no UTF-8 mapping file for font encoding PD1
)
(/usr/local/texlive/2022/texmf-dist/tex/generic/intcalc/intcalc.sty
Package: intcalc 2019/12/15 v1.3 Expandable calculations with integers (HO)
)
(/usr/local/texlive/2022/texmf-dist/tex/generic/etexcmds/etexcmds.sty
Package: etexcmds 2019/12/15 v1.7 Avoid name clashes with e-TeX commands (HO)
)
\Hy@SavedSpaceFactor=\count338

(/usr/local/texlive/2022/texmf-dist/tex/latex/hyperref/puenc.def
File: puenc.def 2022-06-20 v7.00s Hyperref: PDF Unicode definition (HO)
Now handling font encoding PU ...
... no UTF-8 mapping file for font encoding PU
)
Package hyperref Info: Hyper figures OFF on input line 4162.
Package hyperref Info: Link nesting OFF on input line 4167.
Package hyperref Info: Hyper index ON on input line 4170.
Package hyperref Info: Plain pages OFF on input line 4177.
Package hyperref Info: Backreferencing OFF on input line 4182.
Package hyperref Info: Implicit mode ON; LaTeX internals redefined.
Package hyperref Info: Bookmarks ON on input line 4408.
\c@Hy@tempcnt=\count339

(/usr/local/texlive/2022/texmf-dist/tex/latex/url/url.sty
\Urlmuskip=\muskip17
Package: url 2013/09/16  ver 3.4  Verb mode for urls, etc.
)
LaTeX Info: Redefining \url on input line 4746.
\XeTeXLinkMargin=\dimen342

(/usr/local/texlive/2022/texmf-dist/tex/generic/bitset/bitset.sty
Package: bitset 2019/12/09 v1.3 Handle bit-vector datatype (HO)

(/usr/local/texlive/2022/texmf-dist/tex/generic/bigintcalc/bigintcalc.sty
Package: bigintcalc 2019/12/15 v1.5 Expandable calculations on big integers (HO
)
))
\Fld@menulength=\count340
\Field@Width=\dimen343
\Fld@charsize=\dimen344
Package hyperref Info: Hyper figures OFF on input line 6024.
Package hyperref Info: Link nesting OFF on input line 6029.
Package hyperref Info: Hyper index ON on input line 6032.
Package hyperref Info: backreferencing OFF on input line 6039.
Package hyperref Info: Link coloring OFF on input line 6044.
Package hyperref Info: Link coloring with OCG OFF on input line 6049.
Package hyperref Info: PDF/A mode OFF on input line 6054.

(/usr/local/texlive/2022/texmf-dist/tex/latex/base/atbegshi-ltx.sty
Package: atbegshi-ltx 2021/01/10 v1.0c Emulation of the original atbegshi
package with kernel methods
)
\Hy@abspage=\count341
\c@Item=\count342
\c@Hfootnote=\count343
)
Package hyperref Info: Driver: hdvipdfm.

(/usr/local/texlive/2022/texmf-dist/tex/latex/hyperref/hdvipdfm.def
File: hdvipdfm.def 2022-06-20 v7.00s Hyperref driver for dvipdfm
\pdfm@box=\box154
\c@Hy@AnnotLevel=\count344
\HyField@AnnotCount=\count345
\Fld@listcount=\count346
\c@bookmark@seq@number=\count347

(/usr/local/texlive/2022/texmf-dist/tex/latex/rerunfilecheck/rerunfilecheck.sty
Package: rerunfilecheck 2022-07-10 v1.10 Rerun checks for auxiliary files (HO)
(/usr/local/texlive/2022/texmf-dist/tex/latex/base/atveryend-ltx.sty
Package: atveryend-ltx 2020/08/19 v1.0a Emulation of the original atveryend pac
kage
with kernel methods
)
(/usr/local/texlive/2022/texmf-dist/tex/generic/uniquecounter/uniquecounter.sty
Package: uniquecounter 2019/12/15 v1.4 Provide unlimited unique counter (HO)
)
Package uniquecounter Info: New unique counter `rerunfilecheck' on input line 2
85.
)
\Hy@SectionHShift=\skip70
) (/usr/local/texlive/2022/texmf-dist/tex/platex/pxjahyper/pxjahyper.sty
Package: pxjahyper 2022/05/27 v1.2

(/usr/local/texlive/2022/texmf-dist/tex/platex/pxjahyper/pxjahyper-enc.sty
Package: pxjahyper-enc 2022/05/27 v1.2
)
(/usr/local/texlive/2022/texmf-dist/tex/latex/bxjatoucs/bxjatoucs.sty
Package: bxjatoucs 2019/10/20 v0.2
))
Package hyperref Info: Option `setpagesize' set `false' on input line 22.
Package hyperref Info: Option `bookmarksnumbered' set `true' on input line 22.
Package hyperref Info: Option `bookmarksopen' set `true' on input line 22.
Package hyperref Info: Option `colorlinks' set `true' on input line 22.

(/usr/local/texlive/texmf-local/tex/latex/local/ceo/ceo.sty
Package: ceo 

(/usr/local/texlive/texmf-local/tex/latex/local/ceo/waku.sty
Package: waku 
\@totalrightmargin=\dimen345
\bk@bxb=\box155
\bk@bxa=\box156
\bk@lcnt=\count348
\dashMboxlinelength=\dimen346
\dashMboxlinegap=\dimen347
\bk@lastgap=\dimen348
\bk@processed@height=\dimen349
\bk@remaining@height=\dimen350
\bk@sideline=\box157
)
(/usr/local/texlive/texmf-local/tex/latex/local/ceo/Mwaku.sty
Package: Mwaku 

(/usr/local/texlive/texmf-local/tex/latex/local/ceo/namemacro.sty
Package: namemacro 
)
\roundboxaboveskip=\skip71
\round@aboveskip=\dimen351
\roundboxunderskip=\skip72
\round@underskip=\dimen352
\@senhaba=\dimen353
\@rdbkbox@cornersize=\dimen354
\@rdbkbox@leftmargin=\dimen355
\@rdbkbox@rightmargin=\dimen356
\@rdbkbox@topmargin=\dimen357
\@rdbkbox@bottommargin=\dimen358
\@rdbkbox@width=\dimen359
\@rdbkbox@bordersize@top=\dimen360
\@rdbkbox@bordersize@bottom=\dimen361
\@rdbkbox@prevheight=\dimen362
\@rdbkbox@lineskip=\dimen363
\@rdbkbox@textbox=\box158
\@rdbkbox@tempbox=\box159
\@rdbkbox@topbox=\box160
\@rdbkbox@bottombox=\box161
)
(/usr/local/texlive/texmf-local/tex/latex/local/ceo/gyoretuvec.sty
\spacemh=\dimen364
\spacemi=\dimen365
\DelimReduceV=\dimen366
\spacetro=\skip73
\spacetri=\skip74
\spacetrh=\skip75
\DelimReduceM=\dimen367
\spacemggi=\dimen368
)
(/usr/local/texlive/texmf-local/tex/latex/local/ceo/zogeny.sty
Package: zogeny 
\hyouaki=\dimen369
\hyouakib=\dimen370
)
LaTeX Font Info:    Redeclaring symbol font `operators' on input line 18.
LaTeX Font Info:    Overwriting symbol font `operators' in version `normal'
(Font)                  OT1/cmr/m/n --> OT1/ceo/m/n on input line 18.
LaTeX Font Info:    Overwriting symbol font `operators' in version `bold'
(Font)                  OT1/cmr/bx/n --> OT1/ceo/m/n on input line 18.
LaTeX Font Info:    Overwriting symbol font `operators' in version `bold'
(Font)                  OT1/ceo/m/n --> OT1/ceo/bx/n on input line 19.
LaTeX Font Info:    Redeclaring symbol font `largesymbols' on input line 22.
LaTeX Font Info:    Overwriting symbol font `largesymbols' in version `normal'
(Font)                  OMX/cmex/m/n --> OMX/ceo/m/n on input line 22.
LaTeX Font Info:    Overwriting symbol font `largesymbols' in version `bold'
(Font)                  OMX/cmex/m/n --> OMX/ceo/m/n on input line 22.
\symruto=\mathgroup7
\symyakumono=\mathgroup8
\symdaikako=\mathgroup9
LaTeX Font Info:    Redeclaring math alphabet \mathbf on input line 30.
LaTeX Font Info:    Overwriting math alphabet `\mathbf' in version `normal'
(Font)                  OT1/cmr/bx/n --> OT1/ceo/bx/n on input line 30.
LaTeX Font Info:    Overwriting math alphabet `\mathbf' in version `bold'
(Font)                  OT1/cmr/bx/n --> OT1/ceo/bx/n on input line 30.
LaTeX Font Info:    Redeclaring math alphabet \mathit on input line 31.
LaTeX Font Info:    Overwriting math alphabet `\mathit' in version `normal'
(Font)                  OT1/cmr/m/it --> OT1/ceo/m/it on input line 31.
LaTeX Font Info:    Overwriting math alphabet `\mathit' in version `bold'
(Font)                  OT1/cmr/bx/it --> OT1/ceo/m/it on input line 31.
LaTeX Font Info:    Overwriting math alphabet `\mathit' in version `bold'
(Font)                  OT1/ceo/m/it --> OT1/ceo/bx/it on input line 32.
LaTeX Font Info:    Redeclaring symbol font `letters' on input line 38.
LaTeX Font Info:    Overwriting symbol font `letters' in version `normal'
(Font)                  OML/cmm/m/it --> OML/ceo/m/it on input line 38.
LaTeX Font Info:    Overwriting symbol font `letters' in version `bold'
(Font)                  OML/cmm/b/it --> OML/ceo/m/it on input line 38.
LaTeX Font Info:    Overwriting symbol font `letters' in version `bold'
(Font)                  OML/ceo/m/it --> OML/ceo/bx/it on input line 39.
LaTeX Font Info:    Redeclaring symbol font `symbols' on input line 46.
LaTeX Font Info:    Overwriting symbol font `symbols' in version `normal'
(Font)                  OMS/cmsy/m/n --> OMS/ceo/m/n on input line 46.
LaTeX Font Info:    Overwriting symbol font `symbols' in version `bold'
(Font)                  OMS/cmsy/b/n --> OMS/ceo/m/n on input line 46.
LaTeX Font Info:    Overwriting symbol font `symbols' in version `bold'
(Font)                  OMS/ceo/m/n --> OMS/ceo/bx/n on input line 47.

(/usr/local/texlive/texmf-local/tex/latex/local/ceo/kigou.sty
Package: kigou 
)
LaTeX Font Info:    Redeclaring math accent \kosymbola on input line 126.
LaTeX Font Info:    Redeclaring math accent \kosymbolb on input line 128.
LaTeX Font Info:    Redeclaring math accent \kosymbolc on input line 130.
LaTeX Info: Redefining \frac on input line 134.
LaTeX Font Info:    Redeclaring math symbol \parallel on input line 186.
LaTeX Font Info:    Redeclaring math symbol \alpha on input line 294.
LaTeX Font Info:    Redeclaring math symbol \beta on input line 295.
LaTeX Font Info:    Redeclaring math symbol \gamma on input line 296.
LaTeX Font Info:    Redeclaring math symbol \delta on input line 297.
LaTeX Font Info:    Redeclaring math symbol \epsilon on input line 298.
LaTeX Font Info:    Redeclaring math symbol \zeta on input line 299.
LaTeX Font Info:    Redeclaring math symbol \eta on input line 300.
LaTeX Font Info:    Redeclaring math symbol \theta on input line 301.
LaTeX Font Info:    Redeclaring math symbol \iota on input line 302.
LaTeX Font Info:    Redeclaring math symbol \kappa on input line 303.
LaTeX Font Info:    Redeclaring math symbol \lambda on input line 304.
LaTeX Font Info:    Redeclaring math symbol \mu on input line 305.
LaTeX Font Info:    Redeclaring math symbol \nu on input line 306.
LaTeX Font Info:    Redeclaring math symbol \xi on input line 307.
LaTeX Font Info:    Redeclaring math symbol \pi on input line 308.
LaTeX Font Info:    Redeclaring math symbol \rho on input line 309.
LaTeX Font Info:    Redeclaring math symbol \sigma on input line 310.
LaTeX Font Info:    Redeclaring math symbol \tau on input line 311.
LaTeX Font Info:    Redeclaring math symbol \upsilon on input line 312.
LaTeX Font Info:    Redeclaring math symbol \phi on input line 313.
LaTeX Font Info:    Redeclaring math symbol \chi on input line 314.
LaTeX Font Info:    Redeclaring math symbol \psi on input line 315.
LaTeX Font Info:    Redeclaring math symbol \omega on input line 316.
LaTeX Font Info:    Redeclaring math symbol \varepsilon on input line 317.
LaTeX Font Info:    Redeclaring math symbol \vartheta on input line 318.
LaTeX Font Info:    Redeclaring math symbol \varpi on input line 319.
LaTeX Font Info:    Redeclaring math symbol \varrho on input line 320.
LaTeX Font Info:    Redeclaring math symbol \varsigma on input line 321.
LaTeX Font Info:    Redeclaring math symbol \varphi on input line 322.
LaTeX Font Info:    Redeclaring math symbol \Gamma on input line 323.
LaTeX Font Info:    Redeclaring math symbol \varGamma on input line 324.
LaTeX Font Info:    Redeclaring math symbol \Delta on input line 325.
LaTeX Font Info:    Redeclaring math symbol \varDelta on input line 326.
LaTeX Font Info:    Redeclaring math symbol \Theta on input line 331.
LaTeX Font Info:    Redeclaring math symbol \Lambda on input line 332.
LaTeX Font Info:    Redeclaring math symbol \varLambda on input line 333.
LaTeX Font Info:    Redeclaring math symbol \Xi on input line 334.
LaTeX Font Info:    Redeclaring math symbol \Pi on input line 335.
LaTeX Font Info:    Redeclaring math symbol \Sigma on input line 336.
LaTeX Font Info:    Redeclaring math symbol \Upsilon on input line 337.
LaTeX Font Info:    Redeclaring math symbol \Phi on input line 338.
LaTeX Font Info:    Redeclaring math symbol \varPhi on input line 339.
LaTeX Font Info:    Redeclaring math symbol \varTheta on input line 340.
LaTeX Font Info:    Redeclaring math symbol \Psi on input line 341.
LaTeX Font Info:    Redeclaring math symbol \varPsi on input line 342.
LaTeX Font Info:    Redeclaring math symbol \Omega on input line 343.
LaTeX Font Info:    Redeclaring math symbol \varOmega on input line 344.
LaTeX Font Info:    Redeclaring math symbol \aleph on input line 345.
LaTeX Font Info:    Redeclaring math symbol \imath on input line 347.
LaTeX Font Info:    Redeclaring math symbol \jmath on input line 348.
LaTeX Font Info:    Redeclaring math symbol \ell on input line 349.
LaTeX Font Info:    Redeclaring math symbol \wp on input line 350.
LaTeX Font Info:    Redeclaring math symbol \Re on input line 351.
LaTeX Font Info:    Redeclaring math symbol \Im on input line 352.
LaTeX Font Info:    Redeclaring math symbol \partial on input line 353.
LaTeX Font Info:    Redeclaring math symbol \infty on input line 354.
LaTeX Font Info:    Redeclaring math symbol \prime on input line 355.
LaTeX Font Info:    Redeclaring math symbol \emptyset on input line 356.
LaTeX Font Info:    Redeclaring math symbol \nabla on input line 357.
LaTeX Font Info:    Redeclaring math symbol \top on input line 359.
LaTeX Font Info:    Redeclaring math symbol \bot on input line 360.
LaTeX Font Info:    Redeclaring math symbol \triangle on input line 403.
LaTeX Font Info:    Redeclaring math symbol \forall on input line 404.
LaTeX Font Info:    Redeclaring math symbol \exists on input line 405.
LaTeX Font Info:    Redeclaring math symbol \neg on input line 406.
LaTeX Font Info:    Redeclaring math symbol \flat on input line 407.
LaTeX Font Info:    Redeclaring math symbol \natural on input line 408.
LaTeX Font Info:    Redeclaring math symbol \sharp on input line 409.
LaTeX Font Info:    Redeclaring math symbol \clubsuit on input line 410.
LaTeX Font Info:    Redeclaring math symbol \diamondsuit on input line 411.
LaTeX Font Info:    Redeclaring math symbol \heartsuit on input line 412.
LaTeX Font Info:    Redeclaring math symbol \spadesuit on input line 413.
LaTeX Font Info:    Redeclaring math symbol \intop on input line 420.
LaTeX Font Info:    Redeclaring math symbol \ointop on input line 506.
LaTeX Font Info:    Redeclaring math symbol \smallint on input line 509.
LaTeX Font Info:    Redeclaring math symbol \triangleleft on input line 510.
LaTeX Font Info:    Redeclaring math symbol \triangleright on input line 511.
LaTeX Font Info:    Redeclaring math symbol \bigtriangleup on input line 512.
LaTeX Font Info:    Redeclaring math symbol \bigtriangledown on input line 513.

LaTeX Font Info:    Redeclaring math symbol \wedge on input line 516.
LaTeX Font Info:    Redeclaring math symbol \vee on input line 518.
LaTeX Font Info:    Redeclaring math symbol \cap on input line 520.
LaTeX Font Info:    Redeclaring math symbol \cup on input line 521.
LaTeX Font Info:    Redeclaring math symbol \ddagger on input line 522.
LaTeX Font Info:    Redeclaring math symbol \dagger on input line 523.
LaTeX Font Info:    Redeclaring math symbol \sqcap on input line 524.
LaTeX Font Info:    Redeclaring math symbol \sqcup on input line 525.
LaTeX Font Info:    Redeclaring math symbol \uplus on input line 526.
LaTeX Font Info:    Redeclaring math symbol \amalg on input line 527.
LaTeX Font Info:    Redeclaring math symbol \diamond on input line 528.
LaTeX Font Info:    Redeclaring math symbol \bullet on input line 529.
LaTeX Font Info:    Redeclaring math symbol \wr on input line 530.
LaTeX Font Info:    Redeclaring math symbol \div on input line 531.
LaTeX Font Info:    Redeclaring math symbol \odot on input line 532.
LaTeX Font Info:    Redeclaring math symbol \oslash on input line 533.
LaTeX Font Info:    Redeclaring math symbol \otimes on input line 534.
LaTeX Font Info:    Redeclaring math symbol \ominus on input line 535.
LaTeX Font Info:    Redeclaring math symbol \oplus on input line 536.
LaTeX Font Info:    Redeclaring math symbol \mp on input line 537.
LaTeX Font Info:    Redeclaring math symbol \pm on input line 538.
LaTeX Font Info:    Redeclaring math symbol \circ on input line 539.
LaTeX Font Info:    Redeclaring math symbol \bigcirc on input line 540.
LaTeX Font Info:    Redeclaring math symbol \setminus on input line 541.
LaTeX Font Info:    Redeclaring math symbol \cdot on input line 542.
LaTeX Font Info:    Redeclaring math symbol \ast on input line 543.
LaTeX Font Info:    Redeclaring math symbol \times on input line 544.
LaTeX Font Info:    Redeclaring math symbol \star on input line 545.
LaTeX Font Info:    Redeclaring math symbol \propto on input line 546.
LaTeX Font Info:    Redeclaring math symbol \sqsubseteq on input line 547.
LaTeX Font Info:    Redeclaring math symbol \sqsupseteq on input line 548.
LaTeX Font Info:    Redeclaring math symbol \mid on input line 550.
LaTeX Font Info:    Redeclaring math symbol \dashv on input line 551.
LaTeX Font Info:    Redeclaring math symbol \vdash on input line 552.
LaTeX Font Info:    Redeclaring math symbol \nearrow on input line 553.
LaTeX Font Info:    Redeclaring math symbol \searrow on input line 554.
LaTeX Font Info:    Redeclaring math symbol \nwarrow on input line 555.
LaTeX Font Info:    Redeclaring math symbol \swarrow on input line 556.
LaTeX Font Info:    Redeclaring math symbol \Leftrightarrow on input line 565.
LaTeX Font Info:    Redeclaring math symbol \Leftarrow on input line 566.
LaTeX Font Info:    Redeclaring math symbol \Rightarrow on input line 567.
LaTeX Font Info:    Redeclaring math symbol \leq on input line 571.
LaTeX Font Info:    Redeclaring math symbol \geq on input line 573.
LaTeX Font Info:    Redeclaring math symbol \succ on input line 575.
LaTeX Font Info:    Redeclaring math symbol \prec on input line 576.
LaTeX Font Info:    Redeclaring math symbol \approx on input line 577.
LaTeX Font Info:    Redeclaring math symbol \succeq on input line 578.
LaTeX Font Info:    Redeclaring math symbol \preceq on input line 579.
LaTeX Font Info:    Redeclaring math symbol \supset on input line 580.
LaTeX Font Info:    Redeclaring math symbol \subset on input line 581.
LaTeX Font Info:    Redeclaring math symbol \supseteq on input line 582.
LaTeX Font Info:    Redeclaring math symbol \subseteq on input line 583.
LaTeX Font Info:    Redeclaring math symbol \in on input line 586.
LaTeX Font Info:    Redeclaring math symbol \ni on input line 587.
LaTeX Font Info:    Redeclaring math symbol \gg on input line 593.
LaTeX Font Info:    Redeclaring math symbol \ll on input line 594.
LaTeX Font Info:    Redeclaring math symbol \leftrightarrow on input line 598.
LaTeX Font Info:    Redeclaring math symbol \leftarrow on input line 599.
LaTeX Font Info:    Redeclaring math symbol \rightarrow on input line 601.
LaTeX Font Info:    Redeclaring math symbol \mapstochar on input line 604.
LaTeX Font Info:    Redeclaring math symbol \sim on input line 606.
LaTeX Font Info:    Redeclaring math symbol \simeq on input line 607.
LaTeX Font Info:    Redeclaring math symbol \perp on input line 608.
LaTeX Font Info:    Redeclaring math symbol \equiv on input line 609.
LaTeX Font Info:    Redeclaring math symbol \asymp on input line 613.
LaTeX Font Info:    Redeclaring math symbol \smile on input line 614.
LaTeX Font Info:    Redeclaring math symbol \frown on input line 615.
LaTeX Font Info:    Redeclaring math symbol \leftharpoonup on input line 616.
LaTeX Font Info:    Redeclaring math symbol \leftharpoondown on input line 617.

LaTeX Font Info:    Redeclaring math symbol \rightharpoonup on input line 618.
LaTeX Font Info:    Redeclaring math symbol \rightharpoondown on input line 619
.
LaTeX Info: Redefining \cong on input line 621.
LaTeX Info: Redefining \notin on input line 625.
LaTeX Info: Redefining \rightleftharpoons on input line 628.
LaTeX Info: Redefining \doteq on input line 633.
LaTeX Info: Redefining \joinrel on input line 635.
LaTeX Info: Redefining \relbar on input line 637.
LaTeX Info: Redefining \Relbar on input line 640.
LaTeX Font Info:    Redeclaring math symbol \lhook on input line 641.
LaTeX Font Info:    Redeclaring math symbol \rhook on input line 643.
LaTeX Info: Redefining \bowtie on input line 646.
LaTeX Info: Redefining \models on input line 648.
LaTeX Info: Redefining \Longrightarrow on input line 650.
LaTeX Info: Redefining \longrightarrow on input line 652.
LaTeX Info: Redefining \longleftarrow on input line 654.
LaTeX Info: Redefining \Longleftarrow on input line 657.
LaTeX Info: Redefining \longmapsto on input line 660.
LaTeX Info: Redefining \longleftrightarrow on input line 662.
LaTeX Info: Redefining \Longleftrightarrow on input line 664.
LaTeX Info: Redefining \iff on input line 666.
LaTeX Font Info:    Redeclaring math symbol \ldotp on input line 667.
LaTeX Info: Redefining \vdots on input line 676.
LaTeX Info: Redefining \ddots on input line 679.
LaTeX Font Info:    Redeclaring math accent \acute on input line 689.
LaTeX Font Info:    Redeclaring math accent \grave on input line 690.
LaTeX Font Info:    Redeclaring math accent \ddot on input line 691.
LaTeX Font Info:    Redeclaring math accent \tilde on input line 692.
LaTeX Font Info:    Redeclaring math accent \bar on input line 693.
LaTeX Font Info:    Redeclaring math accent \breve on input line 694.
LaTeX Font Info:    Redeclaring math accent \check on input line 695.
LaTeX Font Info:    Redeclaring math accent \hat on input line 696.
LaTeX Font Info:    Redeclaring math accent \dot on input line 697.
LaTeX Font Info:    Redeclaring math accent \widetilde on input line 698.
LaTeX Font Info:    Redeclaring math accent \widehat on input line 699.
LaTeX Font Info:    Redeclaring math accent \mathring on input line 700.
LaTeX Font Info:    Redeclaring math symbol \braceld on input line 731.
LaTeX Font Info:    Redeclaring math symbol \bracerd on input line 732.
LaTeX Font Info:    Redeclaring math symbol \bracelu on input line 733.
LaTeX Font Info:    Redeclaring math symbol \braceru on input line 734.
LaTeX Font Info:    Redeclaring math delimiter \lmoustache on input line 742.
LaTeX Font Info:    Redeclaring math delimiter \rmoustache on input line 744.
LaTeX Font Info:    Redeclaring math delimiter \arrowvert on input line 746.
LaTeX Font Info:    Redeclaring math delimiter \Arrowvert on input line 748.
LaTeX Font Info:    Redeclaring math delimiter \Vert on input line 750.
LaTeX Font Info:    Redeclaring math delimiter \vert on input line 753.
LaTeX Font Info:    Redeclaring math delimiter \uparrow on input line 755.
LaTeX Font Info:    Redeclaring math delimiter \downarrow on input line 757.
LaTeX Font Info:    Redeclaring math delimiter \updownarrow on input line 759.
LaTeX Font Info:    Redeclaring math delimiter \Uparrow on input line 761.
LaTeX Font Info:    Redeclaring math delimiter \Downarrow on input line 763.
LaTeX Font Info:    Redeclaring math delimiter \Updownarrow on input line 765.
LaTeX Font Info:    Redeclaring math delimiter \backslash on input line 767.
LaTeX Font Info:    Redeclaring math delimiter \rangle on input line 769.
LaTeX Font Info:    Redeclaring math delimiter \langle on input line 771.
LaTeX Font Info:    Redeclaring math delimiter \rbrace on input line 773.
LaTeX Font Info:    Redeclaring math delimiter \lbrace on input line 775.
LaTeX Font Info:    Redeclaring math delimiter \rceil on input line 777.
LaTeX Font Info:    Redeclaring math delimiter \lceil on input line 779.
LaTeX Font Info:    Redeclaring math delimiter \rfloor on input line 781.
LaTeX Font Info:    Redeclaring math delimiter \lfloor on input line 783.
LaTeX Font Info:    Redeclaring math delimiter \lgroup on input line 785.
LaTeX Font Info:    Redeclaring math delimiter \rgroup on input line 787.
LaTeX Font Info:    Redeclaring math delimiter \bracevert on input line 789.
LaTeX Font Info:    Redeclaring math symbol \mathparagraph on input line 790.
LaTeX Font Info:    Redeclaring math symbol \mathsection on input line 791.
LaTeX Font Info:    Redeclaring math symbol \mathdollar on input line 792.
LaTeX Info: Redefining \MARU on input line 813.
\c@bango=\count349
LaTeX Info: Redefining \eqref on input line 875.
\c@bangoA=\count350
\c@bangoa=\count351
\c@mondaibango=\count352
\c@katakanabango=\count353
\c@shomonbango=\count354
\c@shomonbbango=\count355
\c@shibango=\count356
\c@shomonbangoshi=\count357
\c@shomonbangoshib=\count358
\c@shibbango=\count359
\c@kurobango=\count360
\c@tokeibango=\count361
\c@shimonbango=\count362
\c@shimonbangok=\count363
\c@tokeibbango=\count364
\c@shimonbbango=\count365
\c@tokeikobango=\count366
\c@tokeidaibango=\count367
\c@kakubango=\count368
\c@kakubbango=\count369
\c@reidaibango=\count370
\c@shomonbangor=\count371
\c@shomonbbangor=\count372
\c@tokeibangor=\count373
\c@shomonbangok=\count374
\c@shomonbbangok=\count375
\c@tokeibangok=\count376
\c@tokeibbangok=\count377
\c@shimonbbangok=\count378
\c@shimonbangor=\count379
\c@shimonbbangor=\count380
\c@katab=\count381
\c@naganum=\count382
\c@Marunum=\count383
\rootbox=\box162
\c@secNo=\count384
\spaceo=\skip76
\spacei=\skip77
\spacej=\skip78
\spaceg=\skip79
\spaceh=\skip80
\spacego=\skip81
\spacegi=\skip82
\spacegh=\skip83
\spacebo=\skip84
\spacebi=\skip85
\spacebh=\skip86
\spacepo=\skip87
\spacepi=\skip88
\spaceph=\skip89
\spacerp=\skip90
\uma=\dimen371
\sika=\dimen372
\umaa=\dimen373
\sikaa=\dimen374
\umab=\dimen375
\sikab=\dimen376
\sspaceo=\dimen377
\sspacej=\dimen378
\sspaceg=\dimen379
\@verb@currpos=\count385
\@fboxrule=\dimen380
\aboxwidth=\skip91
\c@MaxMatrixCols=\count386
\dotsspace@=\muskip18
LaTeX Info: Redefining \text on input line 2196.
)
(/usr/local/texlive/2022/texmf-dist/tex/latex/eepic/epic.sty
Enhancements to Picture Environment. Version 1.2 - Released June 1, 1986
\@@multicnt=\count387
\d@lta=\count388
\@delta=\dimen381
\@@delta=\dimen382
\@gridcnt=\count389
\@joinkind=\count390
\@dotgap=\dimen383
\@ddotgap=\dimen384
\@x@diff=\count391
\@y@diff=\count392
\x@diff=\dimen385
\y@diff=\dimen386
\@dotbox=\box163
\num@segments=\count393
\num@segmentsi=\count394
\@datafile=\read5
) (/usr/local/texlive/2022/texmf-dist/tex/latex/eepic/eepic.sty
Extension to Epic and LaTeX. Version 1.1e - Released Dec 21, 1999
\@gphlinewidth=\count395
\@eepictcnt=\count396
\@tempdimc=\dimen387
\maxovaldiam=\dimen388
\@filltype=\box164
) (/usr/local/texlive/texmf-local/tex/platex/emath/emath.sty
\EM@boxa=\box165
\bsityuubox=\box166
Package: emath 2021/09/18 2.88

(/usr/local/texlive/texmf-local/tex/platex/emath/emathC.sty
Package: emathC 2022/10/06 v1.22

(/usr/local/texlive/2022/texmf-dist/tex/latex/tools/calc.sty
Package: calc 2017/05/25 v4.3 Infix arithmetic (KKT,FJ)
\calc@Acount=\count397
\calc@Bcount=\count398
\calc@Adimen=\dimen389
\calc@Bdimen=\dimen390
\calc@Askip=\skip92
\calc@Bskip=\skip93
LaTeX Info: Redefining \setlength on input line 80.
LaTeX Info: Redefining \addtolength on input line 81.
\calc@Ccount=\count399
\calc@Cskip=\skip94
)
(/usr/local/texlive/texmf-local/tex/platex/emath/emfpcalc.sty
Package: emfpcalc 2014/11/18 v0.01

(/usr/local/texlive/2022/texmf-dist/tex/latex/fp/fp-eval.sty
Package: fp-eval 1995/04/03

`Fixed Point Calculator',        Version 0.9a (C) Michael Mehlich             
(/usr/local/texlive/2022/texmf-dist/tex/latex/fp/defpattern.sty
Package: defpattern 1994/10/12

`\defpattern-macro (adapted from \howto (A. Jeffrey: TeX and TUG NEWS 2(2)))'
\actioncount=\count400
)
(/usr/local/texlive/2022/texmf-dist/tex/latex/fp/fp-upn.sty
Package: fp-upn 1996/10/21

`UPN Fixed Point Calculator',    Version 2.1c (C) Michael Mehlich             
(/usr/local/texlive/2022/texmf-dist/tex/latex/fp/fp.sty
Package: fp 1995/04/02

`Fixed Point Package', Version 0.8, April 2, 1995 (C) Michael Mehlich
(/usr/local/texlive/2022/texmf-dist/tex/latex/fp/fp-basic.sty
Package: fp-basic 1996/05/13
\FP@xs=\count401
\FP@xia=\count402
\FP@xib=\count403
\FP@xfa=\count404
\FP@xfb=\count405
\FP@rega=\count406
\FP@regb=\count407
\FP@regs=\count408
\FP@times=\count409
)
(/usr/local/texlive/2022/texmf-dist/tex/latex/fp/fp-addons.sty
Package: fp-addons 1995/03/15
)
(/usr/local/texlive/2022/texmf-dist/tex/latex/fp/fp-snap.sty
Package: fp-snap 1995/04/05
)
(/usr/local/texlive/2022/texmf-dist/tex/latex/fp/fp-exp.sty
Package: fp-exp 1995/04/03
)
(/usr/local/texlive/2022/texmf-dist/tex/latex/fp/fp-trigo.sty
Package: fp-trigo 1995/04/14
)
(/usr/local/texlive/2022/texmf-dist/tex/latex/fp/fp-pas.sty
Package: fp-pas 1994/08/29
)
(/usr/local/texlive/2022/texmf-dist/tex/latex/fp/fp-random.sty
Package: fp-random 1995/02/23
\FPseed=\count410
)
(/usr/local/texlive/2022/texmf-dist/tex/latex/fp/fp-eqn.sty
Package: fp-eqn 1995/04/03
)))))
(/usr/local/texlive/texmf-local/tex/platex/emath/EMhairetu.sty
Package: EMhairetu 2015/10/23 v0.05
)
\c@tempcnta=\count411
\templa=\dimen391
\templb=\dimen392
\h@ndle=\read6
\em@whndl=\write5
\emath@toks@=\toks54
\Sett@width=\dimen393
)
(/usr/local/texlive/texmf-local/tex/platex/emath/emathE.sty
Package: emathE 2022/10/06 v1.20 extended enumerate

(/usr/local/texlive/texmf-local/tex/platex/emath/emathEc.sty
Package: emathEc 2016/03/09 v0.23

(/usr/local/texlive/texmf-local/tex/platex/emath/emathK.sty
Package: emathK 2014/01/26 0.15
)
(/usr/local/texlive/2022/texmf-dist/tex/latex/tools/enumerate.sty
Package: enumerate 2015/07/23 v3.00 enumerate extensions (DPC)
\@enLab=\toks55
)
(/usr/local/texlive/texmf-local/tex/platex/emath/emathLb.sty
Package: emathLb 2019/01/10 v 0.28
)
\kizami@ti=\count412
\syoki@ti=\count413
\em@label@box=\box167
\c@enumT=\count414
\c@enumTi=\count415
\c@enumTii=\count416
\c@enumTiii=\count417
)
(/usr/local/texlive/texmf-local/tex/platex/emath/jquote.sty
Package: jquote 2022/03/22 v0.16
)
\c@Enumi=\count418
\c@Enumii=\count419
\c@Enumiii=\count420
\c@Enumiv=\count421
\tkn@Enum@ang=\toks56
\tkn@Enum@opt=\toks57
)
\c@marginpar=\count422
\c@tempcntb=\count423
\templc=\dimen394
\tempboxa=\box168
\tempboxb=\box169
\EMc@hizyosuu=\count424
\EMc@syou=\count425
\EMc@zyo@amari=\count426
\GCM=\count427
LaTeX Info: Redefining \dsqrt on input line 791.
LaTeX Info: Redefining \Re on input line 997.
LaTeX Info: Redefining \Im on input line 998.
LaTeX Info: Redefining \notni on input line 1548.
LaTeX Info: Redefining \to on input line 1563.
\renritu@hidariyohaku=\dimen395
LaTeX Info: Redefining \mathstrut on input line 2675.
LaTeX Font Info:    Trying to load font information for OT1+ceo on input line 2
723.

(/usr/local/texlive/texmf-local/tex/latex/local/ceo/ot1ceo.fd
File: ot1ceo.fd 2005/5/18 v1.0
)
LaTeX Font Info:    Trying to load font information for OML+ceo on input line 2
723.

(/usr/local/texlive/texmf-local/tex/latex/local/ceo/omlceo.fd
File: omlceo.fd 2005/5/18 v1.0
)
LaTeX Font Info:    Trying to load font information for OMS+ceo on input line 2
723.

(/usr/local/texlive/texmf-local/tex/latex/local/ceo/omsceo.fd
File: omsceo.fd 2005/5/18 v1.0
)
LaTeX Font Info:    Trying to load font information for OMX+ceo on input line 2
723.

(/usr/local/texlive/texmf-local/tex/latex/local/ceo/omxceo.fd
File: omxceo.fd 2005/5/18 v1.0
)
LaTeX Font Info:    Trying to load font information for U+msa on input line 272
3.

(/usr/local/texlive/2022/texmf-dist/tex/latex/amsfonts/umsa.fd
File: umsa.fd 2013/01/14 v3.01 AMS symbols A
)
LaTeX Font Info:    Trying to load font information for U+msb on input line 272
3.

(/usr/local/texlive/2022/texmf-dist/tex/latex/amsfonts/umsb.fd
File: umsb.fd 2013/01/14 v3.01 AMS symbols B
)
LaTeX Font Info:    Trying to load font information for U+esvect on input line 
2723.

(/usr/local/texlive/2022/texmf-dist/tex/latex/esvect/uesvect.fd
File: uesvect.fd 
)
LaTeX Font Info:    Trying to load font information for U+cesq on input line 27
23.

(/usr/local/texlive/texmf-local/tex/latex/local/ceo/ucesq.fd
File: ucesq.fd 2005/5/18 v1.0
)
LaTeX Font Info:    Trying to load font information for U+marua on input line 2
723.

(/usr/local/texlive/texmf-local/tex/latex/local/ceo/umarua.fd
File: umarua.fd 2005/5/18 v1.0
)
LaTeX Font Info:    Trying to load font information for U+muparen on input line
 2723.

(/usr/local/texlive/texmf-local/tex/latex/local/ceo/umuparen.fd
File: umuparen.fd 2005/5/18 v1.0
)

Package amsmath Warning: Foreign command \over;
(amsmath)                \frac or \genfrac should be used instead
(amsmath)                 on input line 2723.

\@ltxlinelen=\dimen396
\fileophndl=\read7
LaTeX Info: Redefining \because on input line 3585.
LaTeX Info: Redefining \therefore on input line 3587.
) (/usr/local/texlive/texmf-local/tex/platex/emath/emathW.sty
Package: emathW 2018/12/23 v0.42

(/usr/local/texlive/texmf-local/tex/platex/emath/emathQf.sty
Package: emathQf 2018/05/16 v 0.19

(/usr/local/texlive/texmf-local/tex/platex/emath/emathHe.sty
Package: emathHe 2005/11/26 v0.07alpha
)
(/usr/local/texlive/texmf-local/tex/platex/emath/emathB.sty
Package: emathB 2013/05/18 v0.37
))
\zyo@@c=\count428
\hizyo@@c=\count429
\wari@@cnt=\count430
\wari@@cmax=\count431
\gyou@@c=\count432
\hidari@@p=\count433
\migi@@p=\count434
)
(/usr/local/texlive/texmf-local/tex/platex/emath/emathBk.sty
Package: emathBk 2019/07/01 v 0.52a

(/usr/local/texlive/texmf-local/tex/platex/emath/emathPh.sty
Package: emathPh 2022/04/12 v 5.04

load eepic
(/usr/local/texlive/texmf-local/tex/platex/emath/EMcolor.sty
Package: EMcolor 2010/06/20 v 0.01

(/usr/local/texlive/texmf-local/tex/platex/emath/EMrgbcolornam.def
File: EMrgbcolornam.def 2008/08/16 v0.01
))
\@tempdimd=\dimen397
\DHS@seq=\toks58
\yasen@toks=\toks59
\tenretu@namae=\toks60
\namae@opt=\toks61
\@tmpla=\dimen398
\c@enumKT=\count435
LaTeX Info: Redefining \Deruta on input line 14502.
)
\tyuulinesep=\dimen399
\MigiRangaiHaba=\skip95
\HidariRangaiHaba=\skip96
\tyuuhaba=\dimen400
)
(/usr/local/texlive/texmf-local/tex/platex/emath/emathMw.sty
Package: emathMw 2019/07/02 v0.49 
\@mawarikomisep=\skip97
\mawarikomisep=\skip98
\mawarikomikankaku=\skip99
\EMWR@box=\box170
\EMWR@boxi=\box171
\EMWR@boxii=\box172
\eitemindent=\skip100
\zu@width=\skip101
\zuitemwidth=\skip102
)
(/usr/local/texlive/texmf-local/tex/platex/emath/emathCap.sty
Package: emathCap 2011/11/10 v0.02
)
\beforechapskip=\skip103
\midchapskip=\skip104
\c@tcb@cnt@mytheo=\count436
 (./main.aux)
\openout1 = `main.aux'.

LaTeX Font Info:    Checking defaults for OML/ceo/m/it on input line 100.
LaTeX Font Info:    ... okay on input line 100.
LaTeX Font Info:    Checking defaults for OMS/ceo/m/n on input line 100.
LaTeX Font Info:    ... okay on input line 100.
LaTeX Font Info:    Checking defaults for OT1/cmr/m/n on input line 100.
LaTeX Font Info:    ... okay on input line 100.
LaTeX Font Info:    Checking defaults for T1/cmr/m/n on input line 100.
LaTeX Font Info:    ... okay on input line 100.
LaTeX Font Info:    Checking defaults for TS1/cmr/m/n on input line 100.
LaTeX Font Info:    ... okay on input line 100.
LaTeX Font Info:    Checking defaults for OMX/ceo/m/n on input line 100.
LaTeX Font Info:    ... okay on input line 100.
LaTeX Font Info:    Checking defaults for U/cmr/m/n on input line 100.
LaTeX Font Info:    ... okay on input line 100.
LaTeX Font Info:    Checking defaults for JY1/mc/m/n on input line 100.
LaTeX Font Info:    ... okay on input line 100.
LaTeX Font Info:    Checking defaults for JT1/mc/m/n on input line 100.
LaTeX Font Info:    ... okay on input line 100.
LaTeX Font Info:    Checking defaults for PD1/pdf/m/n on input line 100.
LaTeX Font Info:    ... okay on input line 100.
LaTeX Font Info:    Checking defaults for PU/pdf/m/n on input line 100.
LaTeX Font Info:    ... okay on input line 100.

*geometry* detected driver: dvipdfm
*geometry* verbose mode - [ preamble ] result:
* driver: dvipdfm
* paper: a4paper
* layout: <same size as paper>
* layoutoffset:(h,v)=(0.0pt,0.0pt)
* modes: 
* h-part:(L,W,R)=(56.9055pt, 483.69687pt, 56.9055pt)
* v-part:(T,H,B)=(71.13188pt, 702.78308pt, 71.13188pt)
* \paperwidth=597.50787pt
* \paperheight=845.04684pt
* \textwidth=483.69687pt
* \textheight=702.78308pt
* \oddsidemargin=-15.36449pt
* \evensidemargin=-15.36449pt
* \topmargin=-38.1381pt
* \headheight=12.0pt
* \headsep=25.0pt
* \topskip=10.0pt
* \footskip=30.0pt
* \marginparwidth=57.0pt
* \marginparsep=11.0pt
* \columnsep=19.24432pt
* \skip\footins=9.0pt plus 4.0pt minus 2.0pt
* \hoffset=0.0pt
* \voffset=0.0pt
* \mag=1000
* \@twocolumnfalse
* \@twosidefalse
* \@mparswitchfalse
* \@reversemarginfalse
* (1in=72.27pt=25.4mm, 1cm=28.453pt)


Package pgfplots Warning: running in backwards compatibility mode (unsuitable t
ick labels; missing features). Consider writing \pgfplotsset{compat=1.18} into 
your preamble.
 on input line 100.

Package hyperref Info: Link coloring ON on input line 100.
(./main.out) (./main.out)
\@outlinefile=\write6
\openout6 = `main.out'.



LaTeX Warning: emath  hyperref 
 on input line 100.

LaTeX Info: Redefining \colorbox on input line 100.
(../subfiles/titlepage/title.tex
LaTeX Font Info:    Font shape `JT1/mc/b/n' in size <25> not available
(Font)              Font shape `JT1/mc/bx/n' tried instead on input line 18.
LaTeX Font Info:    Font shape `JT1/mc/bx/n' in size <25> not available
(Font)              Font shape `JT1/gt/m/n' tried instead on input line 18.
LaTeX Font Info:    Font shape `JY1/mc/b/n' in size <25> not available
(Font)              Font shape `JY1/mc/bx/n' tried instead on input line 18.
LaTeX Font Info:    Font shape `JY1/mc/bx/n' in size <25> not available
(Font)              Font shape `JY1/gt/m/n' tried instead on input line 18.


LaTeX Font Warning: Font shape `OT1/ceo/b/n' undefined
(Font)              using `OT1/ceo/bx/n' instead on input line 18.

LaTeX Font Info:    Kanji font shape `JY1/mc/m/it' undefined
(Font)              No change on input line 22.
LaTeX Font Info:    Kanji font shape `JY1/mc/m/sc' undefined
(Font)              No change on input line 26.

LaTeX Font Warning: Font shape `OT1/ceo/m/sc' undefined
(Font)              using `OT1/ceo/m/n' instead on input line 26.

LaTeX Font Info:    Font shape `JT1/mc/b/n' in size <17.28> not available
(Font)              Font shape `JT1/mc/bx/n' tried instead on input line 29.
LaTeX Font Info:    Font shape `JT1/mc/bx/n' in size <17.28> not available
(Font)              Font shape `JT1/gt/m/n' tried instead on input line 29.
LaTeX Font Info:    Font shape `JY1/mc/b/n' in size <17.28> not available
(Font)              Font shape `JY1/mc/bx/n' tried instead on input line 29.
LaTeX Font Info:    Font shape `JY1/mc/bx/n' in size <17.28> not available
(Font)              Font shape `JY1/gt/m/n' tried instead on input line 29.

LaTeX Font Warning: Font shape `OT1/ceo/b/n' undefined
(Font)              using `OT1/ceo/bx/n' instead on input line 29.

) [1

]
LaTeX Font Info:    Font shape `JT1/mc/b/n' in size <24.88> not available
(Font)              Font shape `JT1/mc/bx/n' tried instead on input line 104.
LaTeX Font Info:    Font shape `JT1/mc/bx/n' in size <24.88> not available
(Font)              Font shape `JT1/gt/m/n' tried instead on input line 104.
LaTeX Font Info:    Font shape `JY1/mc/b/n' in size <24.88> not available
(Font)              Font shape `JY1/mc/bx/n' tried instead on input line 104.
LaTeX Font Info:    Font shape `JY1/mc/bx/n' in size <24.88> not available
(Font)              Font shape `JY1/gt/m/n' tried instead on input line 104.


LaTeX Font Warning: Font shape `OT1/ceo/b/n' undefined
(Font)              using `OT1/ceo/bx/n' instead on input line 104.

(./main.toc
LaTeX Font Info:    Font shape `JT1/mc/b/n' in size <10> not available
(Font)              Font shape `JT1/mc/bx/n' tried instead on input line 1.
LaTeX Font Info:    Font shape `JT1/mc/bx/n' in size <10> not available
(Font)              Font shape `JT1/gt/m/n' tried instead on input line 1.
LaTeX Font Info:    Font shape `JY1/mc/b/n' in size <10> not available
(Font)              Font shape `JY1/mc/bx/n' tried instead on input line 1.
LaTeX Font Info:    Font shape `JY1/mc/bx/n' in size <10> not available
(Font)              Font shape `JY1/gt/m/n' tried instead on input line 1.


LaTeX Font Warning: Font shape `OT1/ceo/b/n' undefined
(Font)              using `OT1/ceo/bx/n' instead on input line 1.


LaTeX Font Warning: Font shape `OT1/ceo/b/n' undefined
(Font)              using `OT1/ceo/bx/n' instead on input line 4.


LaTeX Font Warning: Font shape `OT1/ceo/b/n' undefined
(Font)              using `OT1/ceo/bx/n' instead on input line 12.


LaTeX Font Warning: Font shape `OT1/ceo/b/n' undefined
(Font)              using `OT1/ceo/bx/n' instead on input line 17.


LaTeX Font Warning: Font shape `OT1/ceo/b/n' undefined
(Font)              using `OT1/ceo/bx/n' instead on input line 22.


LaTeX Font Warning: Font shape `OT1/ceo/b/n' undefined
(Font)              using `OT1/ceo/bx/n' instead on input line 27.


LaTeX Font Warning: Font shape `OT1/ceo/b/n' undefined
(Font)              using `OT1/ceo/bx/n' instead on input line 32.

)
\tf@toc=\write7
\openout7 = `main.toc'.

 [2

]
Chapter 0.

LaTeX Font Warning: Font shape `OT1/ceo/b/n' undefined
(Font)              using `OT1/ceo/bx/n' instead on input line 107.

(../subfiles/chapter0/section1/0-1.tex
LaTeX Font Info:    Font shape `JT1/mc/b/n' in size <14.4> not available
(Font)              Font shape `JT1/mc/bx/n' tried instead on input line 5.
LaTeX Font Info:    Font shape `JT1/mc/bx/n' in size <14.4> not available
(Font)              Font shape `JT1/gt/m/n' tried instead on input line 5.
LaTeX Font Info:    Font shape `JY1/mc/b/n' in size <14.4> not available
(Font)              Font shape `JY1/mc/bx/n' tried instead on input line 5.
LaTeX Font Info:    Font shape `JY1/mc/bx/n' in size <14.4> not available
(Font)              Font shape `JY1/gt/m/n' tried instead on input line 5.


LaTeX Font Warning: Font shape `OT1/ceo/b/n' undefined
(Font)              using `OT1/ceo/bx/n' instead on input line 5.

) (../subfiles/chapter0/section2/0-2.tex

LaTeX Font Warning: Font shape `OT1/ceo/b/n' undefined
(Font)              using `OT1/ceo/bx/n' instead on input line 5.


LaTeX Font Warning: Font shape `OT1/ceo/b/n' undefined
(Font)              using `OT1/ceo/bx/n' instead on input line 6.


LaTeX Font Warning: Font shape `OT1/ceo/b/n' undefined
(Font)              using `OT1/ceo/bx/n' instead on input line 7.

) [3

]
Chapter 1.

LaTeX Font Warning: Font shape `OT1/ceo/b/n' undefined
(Font)              using `OT1/ceo/bx/n' instead on input line 111.

(../subfiles/chapter1/section1/1-1.tex

LaTeX Font Warning: Font shape `OT1/ceo/b/n' undefined
(Font)              using `OT1/ceo/bx/n' instead on input line 5.

LaTeX Font Info:    Trying to load font information for U+kigoa on input line 6
.
(/usr/local/texlive/texmf-local/tex/latex/local/ceo/ukigoa.fd
File: ukigoa.fd 2005/5/18 v1.0
))
(../subfiles/chapter1/section2/1-2.tex

LaTeX Font Warning: Font shape `OT1/ceo/b/n' undefined
(Font)              using `OT1/ceo/bx/n' instead on input line 5.

) (../subfiles/chapter1/section3/1-3.tex

LaTeX Font Warning: Font shape `OT1/ceo/b/n' undefined
(Font)              using `OT1/ceo/bx/n' instead on input line 5.

[4

]

LaTeX Font Warning: Font shape `OT1/ceo/b/n' undefined
(Font)              using `OT1/ceo/bx/n' instead on input line 63.


LaTeX Font Warning: Font shape `OT1/ceo/b/n' undefined
(Font)              using `OT1/ceo/bx/n' instead on input line 94.

LaTeX Font Info:    Trying to load font information for U+kigob on input line 9
4.
(/usr/local/texlive/texmf-local/tex/latex/local/ceo/ukigob.fd
File: ukigob.fd 2005/5/18 v1.0
) [5]
LaTeX Font Info:    Font shape `JT1/gt/bx/n' in size <10> not available
(Font)              Font shape `JT1/gt/m/n' tried instead on input line 107.
LaTeX Font Info:    Font shape `JY1/gt/bx/n' in size <10> not available
(Font)              Font shape `JY1/gt/m/n' tried instead on input line 107.
 [6])
(../subfiles/chapter1/section4/1-4.tex

LaTeX Font Warning: Font shape `OT1/ceo/b/n' undefined
(Font)              using `OT1/ceo/bx/n' instead on input line 5.

LaTeX Font Info:    Font shape `JT1/mc/b/n' in size <12> not available
(Font)              Font shape `JT1/mc/bx/n' tried instead on input line 6.
LaTeX Font Info:    Font shape `JT1/mc/bx/n' in size <12> not available
(Font)              Font shape `JT1/gt/m/n' tried instead on input line 6.
LaTeX Font Info:    Font shape `JY1/mc/b/n' in size <12> not available
(Font)              Font shape `JY1/mc/bx/n' tried instead on input line 6.
LaTeX Font Info:    Font shape `JY1/mc/bx/n' in size <12> not available
(Font)              Font shape `JY1/gt/m/n' tried instead on input line 6.

LaTeX Font Warning: Font shape `OT1/ceo/b/n' undefined
(Font)              using `OT1/ceo/bx/n' instead on input line 6.


Package hyperref Warning: Token not allowed in a PDF string (PDFDocEncoding):
(hyperref)                removing `math shift' on input line 6.


Package hyperref Warning: Token not allowed in a PDF string (PDFDocEncoding):
(hyperref)                removing `subscript' on input line 6.


Package hyperref Warning: Token not allowed in a PDF string (PDFDocEncoding):
(hyperref)                removing `math shift' on input line 6.

[7]

LaTeX Font Warning: Font shape `OT1/ceo/b/n' undefined
(Font)              using `OT1/ceo/bx/n' instead on input line 42.


Package hyperref Warning: Token not allowed in a PDF string (PDFDocEncoding):
(hyperref)                removing `math shift' on input line 42.


Package hyperref Warning: Token not allowed in a PDF string (PDFDocEncoding):
(hyperref)                removing `subscript' on input line 42.


Package hyperref Warning: Token not allowed in a PDF string (PDFDocEncoding):
(hyperref)                removing `math shift' on input line 42.

[8]

LaTeX Font Warning: Font shape `OT1/ceo/b/n' undefined
(Font)              using `OT1/ceo/bx/n' instead on input line 100.

) [9]
Chapter 2.

LaTeX Font Warning: Font shape `OT1/ceo/b/n' undefined
(Font)              using `OT1/ceo/bx/n' instead on input line 117.

(../subfiles/chapter2/section1/2-1.tex

LaTeX Font Warning: Font shape `OT1/ceo/b/n' undefined
(Font)              using `OT1/ceo/bx/n' instead on input line 5.

) (../subfiles/chapter2/section2/2-2.tex

LaTeX Font Warning: Font shape `OT1/ceo/b/n' undefined
(Font)              using `OT1/ceo/bx/n' instead on input line 5.

) (../subfiles/chapter2/section3/2-3.tex

LaTeX Font Warning: Font shape `OT1/ceo/b/n' undefined
(Font)              using `OT1/ceo/bx/n' instead on input line 5.

[10

]) (../subfiles/chapter2/section4/2-4.tex

LaTeX Font Warning: Font shape `OT1/ceo/b/n' undefined
(Font)              using `OT1/ceo/bx/n' instead on input line 5.

) [11]
Chapter 3.

LaTeX Font Warning: Font shape `OT1/ceo/b/n' undefined
(Font)              using `OT1/ceo/bx/n' instead on input line 123.

(../subfiles/chapter3/section1/3-1.tex

LaTeX Font Warning: Font shape `OT1/ceo/b/n' undefined
(Font)              using `OT1/ceo/bx/n' instead on input line 5.

) (../subfiles/chapter3/section2/3-2.tex

LaTeX Font Warning: Font shape `OT1/ceo/b/n' undefined
(Font)              using `OT1/ceo/bx/n' instead on input line 5.

) (../subfiles/chapter3/section3/3-3.tex

LaTeX Font Warning: Font shape `OT1/ceo/b/n' undefined
(Font)              using `OT1/ceo/bx/n' instead on input line 5.


LaTeX Warning: mawarikomi(mawarikomi environment 
must be used at the top of a paragraph.) on input line 17.

mawarikomi:=73.24846pt
[12

]) (../subfiles/chapter3/section4/3-4.tex

LaTeX Font Warning: Font shape `OT1/ceo/b/n' undefined
(Font)              using `OT1/ceo/bx/n' instead on input line 5.

) [13]
Chapter 4.

LaTeX Font Warning: Font shape `OT1/ceo/b/n' undefined
(Font)              using `OT1/ceo/bx/n' instead on input line 129.

(../subfiles/chapter4/section1/4-1.tex

LaTeX Font Warning: Font shape `OT1/ceo/b/n' undefined
(Font)              using `OT1/ceo/bx/n' instead on input line 5.

) (../subfiles/chapter4/section2/4-2.tex

LaTeX Font Warning: Font shape `OT1/ceo/b/n' undefined
(Font)              using `OT1/ceo/bx/n' instead on input line 5.

) (../subfiles/chapter4/section3/4-3.tex

LaTeX Font Warning: Font shape `OT1/ceo/b/n' undefined
(Font)              using `OT1/ceo/bx/n' instead on input line 5.

[14

]) (../subfiles/chapter4/section4/4-4.tex

LaTeX Font Warning: Font shape `OT1/ceo/b/n' undefined
(Font)              using `OT1/ceo/bx/n' instead on input line 5.

) [15]
Chapter 5.

LaTeX Font Warning: Font shape `OT1/ceo/b/n' undefined
(Font)              using `OT1/ceo/bx/n' instead on input line 135.

(../subfiles/chapter5/section1/5-1.tex

LaTeX Font Warning: Font shape `OT1/ceo/b/n' undefined
(Font)              using `OT1/ceo/bx/n' instead on input line 5.

) (../subfiles/chapter5/section2/5-2.tex

LaTeX Font Warning: Font shape `OT1/ceo/b/n' undefined
(Font)              using `OT1/ceo/bx/n' instead on input line 5.

) (../subfiles/chapter5/section3/5-3.tex

LaTeX Font Warning: Font shape `OT1/ceo/b/n' undefined
(Font)              using `OT1/ceo/bx/n' instead on input line 5.

[16

]) (../subfiles/chapter5/section4/5-4.tex

LaTeX Font Warning: Font shape `OT1/ceo/b/n' undefined
(Font)              using `OT1/ceo/bx/n' instead on input line 5.

) [17]
Chapter 6.

LaTeX Font Warning: Font shape `OT1/ceo/b/n' undefined
(Font)              using `OT1/ceo/bx/n' instead on input line 141.

(../subfiles/chapter6/section1/6-1.tex

LaTeX Font Warning: Font shape `OT1/ceo/b/n' undefined
(Font)              using `OT1/ceo/bx/n' instead on input line 5.

) (../subfiles/chapter6/section2/6-2.tex

LaTeX Font Warning: Font shape `OT1/ceo/b/n' undefined
(Font)              using `OT1/ceo/bx/n' instead on input line 5.

) (../subfiles/chapter6/section3/6-3.tex

LaTeX Font Warning: Font shape `OT1/ceo/b/n' undefined
(Font)              using `OT1/ceo/bx/n' instead on input line 5.


Overfull \hbox (4.54pt too wide) detected at line 7
$[]$
 []


LaTeX Warning: mawarikomi(mawarikomi environment 
must be used at the top of a paragraph.) on input line 57.

mawarikomi:=203.98pt
[18

]
Overfull \hbox (4.54pt too wide) detected at line 60
$[]$
 []


Overfull \hbox (4.54pt too wide) detected at line 61
$[]$
 []


Overfull \hbox (4.54pt too wide) detected at line 69
$[]$
 []

[19]) (../subfiles/chapter6/section4/6-4.tex

LaTeX Font Warning: Font shape `OT1/ceo/b/n' undefined
(Font)              using `OT1/ceo/bx/n' instead on input line 5.

) [20] (./main.aux)

LaTeX Font Warning: Some font shapes were not available, defaults substituted.

Package rerunfilecheck Info: File `main.out' has not changed.
(rerunfilecheck)             Checksum: B535C9CF98408503AA81247916B4E613;2154.
 ) 
Here is how much of TeX's memory you used:
 61671 strings out of 475534
 1287565 string characters out of 5791080
 4047698 words of memory out of 5000000
 82353 multiletter control sequences out of 15000+600000
 531535 words of font info for 154 fonts, out of 8000000 for 9000
 929 hyphenation exceptions out of 8191
 125i,25n,124p,810b,2499s stack positions out of 10000i,1000n,20000p,200000b,200000s

Output written on main.dvi (20 pages, 1324544 bytes).
